{"$message_type":"diagnostic","message":"cannot find function, tuple struct or tuple variant `WasmEdge_ValueGenNullRef` in module `ffi`","code":{"code":"E0425","explanation":"An unresolved name was used.\n\nErroneous code examples:\n\n```compile_fail,E0425\nsomething_that_doesnt_exist::foo;\n// error: unresolved name `something_that_doesnt_exist::foo`\n\n// or:\n\ntrait Foo {\n    fn bar() {\n        Self; // error: unresolved name `Self`\n    }\n}\n\n// or:\n\nlet x = unknown_variable;  // error: unresolved name `unknown_variable`\n```\n\nPlease verify that the name wasn't misspelled and ensure that the\nidentifier being referred to is valid for the given situation. Example:\n\n```\nenum something_that_does_exist {\n    Foo,\n}\n```\n\nOr:\n\n```\nmod something_that_does_exist {\n    pub static foo : i32 = 0i32;\n}\n\nsomething_that_does_exist::foo; // ok!\n```\n\nOr:\n\n```\nlet unknown_variable = 12u32;\nlet x = unknown_variable; // ok!\n```\n\nIf the item is not defined in the current module, it must be imported using a\n`use` statement, like so:\n\n```\n# mod foo { pub fn bar() {} }\n# fn main() {\nuse foo::bar;\nbar();\n# }\n```\n\nIf the item you are importing is not defined in some super-module of the\ncurrent module, then it must also be declared as public (e.g., `pub fn`).\n"},"level":"error","spans":[{"file_name":"/media/tarun/Tarun/code/lfx/wasmedge-dependency-tree/target/debug/build/wasmedge-sys-dda912cd73149ca4/out/wasmedge.rs","byte_start":53480,"byte_end":53584,"line_start":1488,"line_end":1489,"column_start":5,"column_end":27,"is_primary":false,"text":[{"text":"    pub fn WasmEdge_ValueGenFuncRef(Cxt: *const WasmEdge_FunctionInstanceContext)","highlight_start":5,"highlight_end":82},{"text":"        -> WasmEdge_Value;","highlight_start":1,"highlight_end":27}],"label":"similarly named function `WasmEdge_ValueGenFuncRef` defined here","suggested_replacement":null,"suggestion_applicability":null,"expansion":null},{"file_name":"/home/tarun/.cargo/registry/src/index.crates.io-1949cf8c6b5b557f/wasmedge-sys-0.17.5/src/types.rs","byte_start":6123,"byte_end":6147,"line_start":227,"line_end":227,"column_start":32,"column_end":56,"is_primary":true,"text":[{"text":"            ctx: unsafe { ffi::WasmEdge_ValueGenNullRef(ref_ty.into()) },","highlight_start":32,"highlight_end":56}],"label":null,"suggested_replacement":null,"suggestion_applicability":null,"expansion":null}],"children":[{"message":"a function with a similar name exists","code":null,"level":"help","spans":[{"file_name":"/home/tarun/.cargo/registry/src/index.crates.io-1949cf8c6b5b557f/wasmedge-sys-0.17.5/src/types.rs","byte_start":6123,"byte_end":6147,"line_start":227,"line_end":227,"column_start":32,"column_end":56,"is_primary":true,"text":[{"text":"            ctx: unsafe { ffi::WasmEdge_ValueGenNullRef(ref_ty.into()) },","highlight_start":32,"highlight_end":56}],"label":null,"suggested_replacement":"WasmEdge_ValueGenFuncRef","suggestion_applicability":"MaybeIncorrect","expansion":null}],"children":[],"rendered":null}],"rendered":"\u001b[1m\u001b[91merror[E0425]\u001b[0m\u001b[1m: cannot find function, tuple struct or tuple variant `WasmEdge_ValueGenNullRef` in module `ffi`\u001b[0m\n    \u001b[1m\u001b[94m--> \u001b[0m/home/tarun/.cargo/registry/src/index.crates.io-1949cf8c6b5b557f/wasmedge-sys-0.17.5/src/types.rs:227:32\n     \u001b[1m\u001b[94m|\u001b[0m\n \u001b[1m\u001b[94m227\u001b[0m \u001b[1m\u001b[94m|\u001b[0m               ctx: unsafe { ffi::WasmEdge_ValueGenNullRef(ref_ty.into()) },\n     \u001b[1m\u001b[94m|\u001b[0m                                  \u001b[1m\u001b[91m^^^^^^^^^^^^^^^^^^^^^^^^\u001b[0m \u001b[1m\u001b[91mhelp: a function with a similar name exists: `WasmEdge_ValueGenFuncRef`\u001b[0m\n     \u001b[1m\u001b[94m|\u001b[0m\n    \u001b[1m\u001b[94m::: \u001b[0m/media/tarun/Tarun/code/lfx/wasmedge-dependency-tree/target/debug/build/wasmedge-sys-dda912cd73149ca4/out/wasmedge.rs:1488:5\n     \u001b[1m\u001b[94m|\u001b[0m\n\u001b[1m\u001b[94m1488\u001b[0m \u001b[1m\u001b[94m|\u001b[0m \u001b[1m\u001b[94m/\u001b[0m     pub fn WasmEdge_ValueGenFuncRef(Cxt: *const WasmEdge_FunctionInstanceContext)\n\u001b[1m\u001b[94m1489\u001b[0m \u001b[1m\u001b[94m|\u001b[0m \u001b[1m\u001b[94m|\u001b[0m         -> WasmEdge_Value;\n     \u001b[1m\u001b[94m|\u001b[0m \u001b[1m\u001b[94m|__________________________-\u001b[0m \u001b[1m\u001b[94msimilarly named function `WasmEdge_ValueGenFuncRef` defined here\u001b[0m\n\n"}
{"$message_type":"diagnostic","message":"cannot find unit struct, unit variant or constant `WasmEdge_ValType_I32` in module `ffi`","code":{"code":"E0531","explanation":"An unknown tuple struct/variant has been used.\n\nErroneous code example:\n\n```compile_fail,E0531\nlet Type(x) = Type(12); // error!\nmatch Bar(12) {\n    Bar(x) => {} // error!\n    _ => {}\n}\n```\n\nIn most cases, it's either a forgotten import or a typo. However, let's look at\nhow you can have such a type:\n\n```edition2018\nstruct Type(u32); // this is a tuple struct\n\nenum Foo {\n    Bar(u32), // this is a tuple variant\n}\n\nuse Foo::*; // To use Foo's variant directly, we need to import them in\n            // the scope.\n```\n\nEither way, it should work fine with our previous code:\n\n```edition2018\nstruct Type(u32);\n\nenum Foo {\n    Bar(u32),\n}\nuse Foo::*;\n\nlet Type(x) = Type(12); // ok!\nmatch Type(12) {\n    Type(x) => {} // ok!\n    _ => {}\n}\n```\n"},"level":"error","spans":[{"file_name":"/home/tarun/.cargo/registry/src/index.crates.io-1949cf8c6b5b557f/wasmedge-sys-0.17.5/src/types.rs","byte_start":8812,"byte_end":8832,"line_start":306,"line_end":306,"column_start":18,"column_end":38,"is_primary":true,"text":[{"text":"            ffi::WasmEdge_ValType_I32 => Self {","highlight_start":18,"highlight_end":38}],"label":"not found in `ffi`","suggested_replacement":null,"suggestion_applicability":null,"expansion":null}],"children":[],"rendered":"\u001b[1m\u001b[91merror[E0531]\u001b[0m\u001b[1m: cannot find unit struct, unit variant or constant `WasmEdge_ValType_I32` in module `ffi`\u001b[0m\n   \u001b[1m\u001b[94m--> \u001b[0m/home/tarun/.cargo/registry/src/index.crates.io-1949cf8c6b5b557f/wasmedge-sys-0.17.5/src/types.rs:306:18\n    \u001b[1m\u001b[94m|\u001b[0m\n\u001b[1m\u001b[94m306\u001b[0m \u001b[1m\u001b[94m|\u001b[0m             ffi::WasmEdge_ValType_I32 => Self {\n    \u001b[1m\u001b[94m|\u001b[0m                  \u001b[1m\u001b[91m^^^^^^^^^^^^^^^^^^^^\u001b[0m \u001b[1m\u001b[91mnot found in `ffi`\u001b[0m\n\n"}
{"$message_type":"diagnostic","message":"cannot find unit struct, unit variant or constant `WasmEdge_ValType_I64` in module `ffi`","code":{"code":"E0531","explanation":"An unknown tuple struct/variant has been used.\n\nErroneous code example:\n\n```compile_fail,E0531\nlet Type(x) = Type(12); // error!\nmatch Bar(12) {\n    Bar(x) => {} // error!\n    _ => {}\n}\n```\n\nIn most cases, it's either a forgotten import or a typo. However, let's look at\nhow you can have such a type:\n\n```edition2018\nstruct Type(u32); // this is a tuple struct\n\nenum Foo {\n    Bar(u32), // this is a tuple variant\n}\n\nuse Foo::*; // To use Foo's variant directly, we need to import them in\n            // the scope.\n```\n\nEither way, it should work fine with our previous code:\n\n```edition2018\nstruct Type(u32);\n\nenum Foo {\n    Bar(u32),\n}\nuse Foo::*;\n\nlet Type(x) = Type(12); // ok!\nmatch Type(12) {\n    Type(x) => {} // ok!\n    _ => {}\n}\n```\n"},"level":"error","spans":[{"file_name":"/home/tarun/.cargo/registry/src/index.crates.io-1949cf8c6b5b557f/wasmedge-sys-0.17.5/src/types.rs","byte_start":8939,"byte_end":8959,"line_start":310,"line_end":310,"column_start":18,"column_end":38,"is_primary":true,"text":[{"text":"            ffi::WasmEdge_ValType_I64 => Self {","highlight_start":18,"highlight_end":38}],"label":"not found in `ffi`","suggested_replacement":null,"suggestion_applicability":null,"expansion":null}],"children":[],"rendered":"\u001b[1m\u001b[91merror[E0531]\u001b[0m\u001b[1m: cannot find unit struct, unit variant or constant `WasmEdge_ValType_I64` in module `ffi`\u001b[0m\n   \u001b[1m\u001b[94m--> \u001b[0m/home/tarun/.cargo/registry/src/index.crates.io-1949cf8c6b5b557f/wasmedge-sys-0.17.5/src/types.rs:310:18\n    \u001b[1m\u001b[94m|\u001b[0m\n\u001b[1m\u001b[94m310\u001b[0m \u001b[1m\u001b[94m|\u001b[0m             ffi::WasmEdge_ValType_I64 => Self {\n    \u001b[1m\u001b[94m|\u001b[0m                  \u001b[1m\u001b[91m^^^^^^^^^^^^^^^^^^^^\u001b[0m \u001b[1m\u001b[91mnot found in `ffi`\u001b[0m\n\n"}
{"$message_type":"diagnostic","message":"cannot find unit struct, unit variant or constant `WasmEdge_ValType_F32` in module `ffi`","code":{"code":"E0531","explanation":"An unknown tuple struct/variant has been used.\n\nErroneous code example:\n\n```compile_fail,E0531\nlet Type(x) = Type(12); // error!\nmatch Bar(12) {\n    Bar(x) => {} // error!\n    _ => {}\n}\n```\n\nIn most cases, it's either a forgotten import or a typo. However, let's look at\nhow you can have such a type:\n\n```edition2018\nstruct Type(u32); // this is a tuple struct\n\nenum Foo {\n    Bar(u32), // this is a tuple variant\n}\n\nuse Foo::*; // To use Foo's variant directly, we need to import them in\n            // the scope.\n```\n\nEither way, it should work fine with our previous code:\n\n```edition2018\nstruct Type(u32);\n\nenum Foo {\n    Bar(u32),\n}\nuse Foo::*;\n\nlet Type(x) = Type(12); // ok!\nmatch Type(12) {\n    Type(x) => {} // ok!\n    _ => {}\n}\n```\n"},"level":"error","spans":[{"file_name":"/home/tarun/.cargo/registry/src/index.crates.io-1949cf8c6b5b557f/wasmedge-sys-0.17.5/src/types.rs","byte_start":9066,"byte_end":9086,"line_start":314,"line_end":314,"column_start":18,"column_end":38,"is_primary":true,"text":[{"text":"            ffi::WasmEdge_ValType_F32 => Self {","highlight_start":18,"highlight_end":38}],"label":"not found in `ffi`","suggested_replacement":null,"suggestion_applicability":null,"expansion":null}],"children":[],"rendered":"\u001b[1m\u001b[91merror[E0531]\u001b[0m\u001b[1m: cannot find unit struct, unit variant or constant `WasmEdge_ValType_F32` in module `ffi`\u001b[0m\n   \u001b[1m\u001b[94m--> \u001b[0m/home/tarun/.cargo/registry/src/index.crates.io-1949cf8c6b5b557f/wasmedge-sys-0.17.5/src/types.rs:314:18\n    \u001b[1m\u001b[94m|\u001b[0m\n\u001b[1m\u001b[94m314\u001b[0m \u001b[1m\u001b[94m|\u001b[0m             ffi::WasmEdge_ValType_F32 => Self {\n    \u001b[1m\u001b[94m|\u001b[0m                  \u001b[1m\u001b[91m^^^^^^^^^^^^^^^^^^^^\u001b[0m \u001b[1m\u001b[91mnot found in `ffi`\u001b[0m\n\n"}
{"$message_type":"diagnostic","message":"cannot find unit struct, unit variant or constant `WasmEdge_ValType_F64` in module `ffi`","code":{"code":"E0531","explanation":"An unknown tuple struct/variant has been used.\n\nErroneous code example:\n\n```compile_fail,E0531\nlet Type(x) = Type(12); // error!\nmatch Bar(12) {\n    Bar(x) => {} // error!\n    _ => {}\n}\n```\n\nIn most cases, it's either a forgotten import or a typo. However, let's look at\nhow you can have such a type:\n\n```edition2018\nstruct Type(u32); // this is a tuple struct\n\nenum Foo {\n    Bar(u32), // this is a tuple variant\n}\n\nuse Foo::*; // To use Foo's variant directly, we need to import them in\n            // the scope.\n```\n\nEither way, it should work fine with our previous code:\n\n```edition2018\nstruct Type(u32);\n\nenum Foo {\n    Bar(u32),\n}\nuse Foo::*;\n\nlet Type(x) = Type(12); // ok!\nmatch Type(12) {\n    Type(x) => {} // ok!\n    _ => {}\n}\n```\n"},"level":"error","spans":[{"file_name":"/home/tarun/.cargo/registry/src/index.crates.io-1949cf8c6b5b557f/wasmedge-sys-0.17.5/src/types.rs","byte_start":9193,"byte_end":9213,"line_start":318,"line_end":318,"column_start":18,"column_end":38,"is_primary":true,"text":[{"text":"            ffi::WasmEdge_ValType_F64 => Self {","highlight_start":18,"highlight_end":38}],"label":"not found in `ffi`","suggested_replacement":null,"suggestion_applicability":null,"expansion":null}],"children":[],"rendered":"\u001b[1m\u001b[91merror[E0531]\u001b[0m\u001b[1m: cannot find unit struct, unit variant or constant `WasmEdge_ValType_F64` in module `ffi`\u001b[0m\n   \u001b[1m\u001b[94m--> \u001b[0m/home/tarun/.cargo/registry/src/index.crates.io-1949cf8c6b5b557f/wasmedge-sys-0.17.5/src/types.rs:318:18\n    \u001b[1m\u001b[94m|\u001b[0m\n\u001b[1m\u001b[94m318\u001b[0m \u001b[1m\u001b[94m|\u001b[0m             ffi::WasmEdge_ValType_F64 => Self {\n    \u001b[1m\u001b[94m|\u001b[0m                  \u001b[1m\u001b[91m^^^^^^^^^^^^^^^^^^^^\u001b[0m \u001b[1m\u001b[91mnot found in `ffi`\u001b[0m\n\n"}
{"$message_type":"diagnostic","message":"cannot find unit struct, unit variant or constant `WasmEdge_ValType_V128` in module `ffi`","code":{"code":"E0531","explanation":"An unknown tuple struct/variant has been used.\n\nErroneous code example:\n\n```compile_fail,E0531\nlet Type(x) = Type(12); // error!\nmatch Bar(12) {\n    Bar(x) => {} // error!\n    _ => {}\n}\n```\n\nIn most cases, it's either a forgotten import or a typo. However, let's look at\nhow you can have such a type:\n\n```edition2018\nstruct Type(u32); // this is a tuple struct\n\nenum Foo {\n    Bar(u32), // this is a tuple variant\n}\n\nuse Foo::*; // To use Foo's variant directly, we need to import them in\n            // the scope.\n```\n\nEither way, it should work fine with our previous code:\n\n```edition2018\nstruct Type(u32);\n\nenum Foo {\n    Bar(u32),\n}\nuse Foo::*;\n\nlet Type(x) = Type(12); // ok!\nmatch Type(12) {\n    Type(x) => {} // ok!\n    _ => {}\n}\n```\n"},"level":"error","spans":[{"file_name":"/media/tarun/Tarun/code/lfx/wasmedge-dependency-tree/target/debug/build/wasmedge-sys-dda912cd73149ca4/out/wasmedge.rs","byte_start":37566,"byte_end":37624,"line_start":1013,"line_end":1013,"column_start":1,"column_end":59,"is_primary":false,"text":[{"text":"pub const WasmEdge_TypeCode_V128: WasmEdge_TypeCode = 123;","highlight_start":1,"highlight_end":59}],"label":"similarly named constant `WasmEdge_TypeCode_V128` defined here","suggested_replacement":null,"suggestion_applicability":null,"expansion":null},{"file_name":"/home/tarun/.cargo/registry/src/index.crates.io-1949cf8c6b5b557f/wasmedge-sys-0.17.5/src/types.rs","byte_start":9320,"byte_end":9341,"line_start":322,"line_end":322,"column_start":18,"column_end":39,"is_primary":true,"text":[{"text":"            ffi::WasmEdge_ValType_V128 => Self {","highlight_start":18,"highlight_end":39}],"label":null,"suggested_replacement":null,"suggestion_applicability":null,"expansion":null}],"children":[{"message":"a constant with a similar name exists","code":null,"level":"help","spans":[{"file_name":"/home/tarun/.cargo/registry/src/index.crates.io-1949cf8c6b5b557f/wasmedge-sys-0.17.5/src/types.rs","byte_start":9320,"byte_end":9341,"line_start":322,"line_end":322,"column_start":18,"column_end":39,"is_primary":true,"text":[{"text":"            ffi::WasmEdge_ValType_V128 => Self {","highlight_start":18,"highlight_end":39}],"label":null,"suggested_replacement":"WasmEdge_TypeCode_V128","suggestion_applicability":"MaybeIncorrect","expansion":null}],"children":[],"rendered":null}],"rendered":"\u001b[1m\u001b[91merror[E0531]\u001b[0m\u001b[1m: cannot find unit struct, unit variant or constant `WasmEdge_ValType_V128` in module `ffi`\u001b[0m\n    \u001b[1m\u001b[94m--> \u001b[0m/home/tarun/.cargo/registry/src/index.crates.io-1949cf8c6b5b557f/wasmedge-sys-0.17.5/src/types.rs:322:18\n     \u001b[1m\u001b[94m|\u001b[0m\n \u001b[1m\u001b[94m322\u001b[0m \u001b[1m\u001b[94m|\u001b[0m             ffi::WasmEdge_ValType_V128 => Self {\n     \u001b[1m\u001b[94m|\u001b[0m                  \u001b[1m\u001b[91m^^^^^^^^^^^^^^^^^^^^^\u001b[0m \u001b[1m\u001b[91mhelp: a constant with a similar name exists: `WasmEdge_TypeCode_V128`\u001b[0m\n     \u001b[1m\u001b[94m|\u001b[0m\n    \u001b[1m\u001b[94m::: \u001b[0m/media/tarun/Tarun/code/lfx/wasmedge-dependency-tree/target/debug/build/wasmedge-sys-dda912cd73149ca4/out/wasmedge.rs:1013:1\n     \u001b[1m\u001b[94m|\u001b[0m\n\u001b[1m\u001b[94m1013\u001b[0m \u001b[1m\u001b[94m|\u001b[0m pub const WasmEdge_TypeCode_V128: WasmEdge_TypeCode = 123;\n     \u001b[1m\u001b[94m|\u001b[0m \u001b[1m\u001b[94m----------------------------------------------------------\u001b[0m \u001b[1m\u001b[94msimilarly named constant `WasmEdge_TypeCode_V128` defined here\u001b[0m\n\n"}
{"$message_type":"diagnostic","message":"cannot find unit struct, unit variant or constant `WasmEdge_ValType_FuncRef` in module `ffi`","code":{"code":"E0531","explanation":"An unknown tuple struct/variant has been used.\n\nErroneous code example:\n\n```compile_fail,E0531\nlet Type(x) = Type(12); // error!\nmatch Bar(12) {\n    Bar(x) => {} // error!\n    _ => {}\n}\n```\n\nIn most cases, it's either a forgotten import or a typo. However, let's look at\nhow you can have such a type:\n\n```edition2018\nstruct Type(u32); // this is a tuple struct\n\nenum Foo {\n    Bar(u32), // this is a tuple variant\n}\n\nuse Foo::*; // To use Foo's variant directly, we need to import them in\n            // the scope.\n```\n\nEither way, it should work fine with our previous code:\n\n```edition2018\nstruct Type(u32);\n\nenum Foo {\n    Bar(u32),\n}\nuse Foo::*;\n\nlet Type(x) = Type(12); // ok!\nmatch Type(12) {\n    Type(x) => {} // ok!\n    _ => {}\n}\n```\n"},"level":"error","spans":[{"file_name":"/media/tarun/Tarun/code/lfx/wasmedge-dependency-tree/target/debug/build/wasmedge-sys-dda912cd73149ca4/out/wasmedge.rs","byte_start":38001,"byte_end":38062,"line_start":1020,"line_end":1020,"column_start":1,"column_end":62,"is_primary":false,"text":[{"text":"pub const WasmEdge_TypeCode_FuncRef: WasmEdge_TypeCode = 112;","highlight_start":1,"highlight_end":62}],"label":"similarly named constant `WasmEdge_TypeCode_FuncRef` defined here","suggested_replacement":null,"suggestion_applicability":null,"expansion":null},{"file_name":"/home/tarun/.cargo/registry/src/index.crates.io-1949cf8c6b5b557f/wasmedge-sys-0.17.5/src/types.rs","byte_start":9449,"byte_end":9473,"line_start":326,"line_end":326,"column_start":18,"column_end":42,"is_primary":true,"text":[{"text":"            ffi::WasmEdge_ValType_FuncRef => Self {","highlight_start":18,"highlight_end":42}],"label":null,"suggested_replacement":null,"suggestion_applicability":null,"expansion":null}],"children":[{"message":"a constant with a similar name exists","code":null,"level":"help","spans":[{"file_name":"/home/tarun/.cargo/registry/src/index.crates.io-1949cf8c6b5b557f/wasmedge-sys-0.17.5/src/types.rs","byte_start":9449,"byte_end":9473,"line_start":326,"line_end":326,"column_start":18,"column_end":42,"is_primary":true,"text":[{"text":"            ffi::WasmEdge_ValType_FuncRef => Self {","highlight_start":18,"highlight_end":42}],"label":null,"suggested_replacement":"WasmEdge_TypeCode_FuncRef","suggestion_applicability":"MaybeIncorrect","expansion":null}],"children":[],"rendered":null}],"rendered":"\u001b[1m\u001b[91merror[E0531]\u001b[0m\u001b[1m: cannot find unit struct, unit variant or constant `WasmEdge_ValType_FuncRef` in module `ffi`\u001b[0m\n    \u001b[1m\u001b[94m--> \u001b[0m/home/tarun/.cargo/registry/src/index.crates.io-1949cf8c6b5b557f/wasmedge-sys-0.17.5/src/types.rs:326:18\n     \u001b[1m\u001b[94m|\u001b[0m\n \u001b[1m\u001b[94m326\u001b[0m \u001b[1m\u001b[94m|\u001b[0m             ffi::WasmEdge_ValType_FuncRef => Self {\n     \u001b[1m\u001b[94m|\u001b[0m                  \u001b[1m\u001b[91m^^^^^^^^^^^^^^^^^^^^^^^^\u001b[0m \u001b[1m\u001b[91mhelp: a constant with a similar name exists: `WasmEdge_TypeCode_FuncRef`\u001b[0m\n     \u001b[1m\u001b[94m|\u001b[0m\n    \u001b[1m\u001b[94m::: \u001b[0m/media/tarun/Tarun/code/lfx/wasmedge-dependency-tree/target/debug/build/wasmedge-sys-dda912cd73149ca4/out/wasmedge.rs:1020:1\n     \u001b[1m\u001b[94m|\u001b[0m\n\u001b[1m\u001b[94m1020\u001b[0m \u001b[1m\u001b[94m|\u001b[0m pub const WasmEdge_TypeCode_FuncRef: WasmEdge_TypeCode = 112;\n     \u001b[1m\u001b[94m|\u001b[0m \u001b[1m\u001b[94m-------------------------------------------------------------\u001b[0m \u001b[1m\u001b[94msimilarly named constant `WasmEdge_TypeCode_FuncRef` defined here\u001b[0m\n\n"}
{"$message_type":"diagnostic","message":"cannot find unit struct, unit variant or constant `WasmEdge_ValType_ExternRef` in module `ffi`","code":{"code":"E0531","explanation":"An unknown tuple struct/variant has been used.\n\nErroneous code example:\n\n```compile_fail,E0531\nlet Type(x) = Type(12); // error!\nmatch Bar(12) {\n    Bar(x) => {} // error!\n    _ => {}\n}\n```\n\nIn most cases, it's either a forgotten import or a typo. However, let's look at\nhow you can have such a type:\n\n```edition2018\nstruct Type(u32); // this is a tuple struct\n\nenum Foo {\n    Bar(u32), // this is a tuple variant\n}\n\nuse Foo::*; // To use Foo's variant directly, we need to import them in\n            // the scope.\n```\n\nEither way, it should work fine with our previous code:\n\n```edition2018\nstruct Type(u32);\n\nenum Foo {\n    Bar(u32),\n}\nuse Foo::*;\n\nlet Type(x) = Type(12); // ok!\nmatch Type(12) {\n    Type(x) => {} // ok!\n    _ => {}\n}\n```\n"},"level":"error","spans":[{"file_name":"/media/tarun/Tarun/code/lfx/wasmedge-dependency-tree/target/debug/build/wasmedge-sys-dda912cd73149ca4/out/wasmedge.rs","byte_start":38063,"byte_end":38126,"line_start":1021,"line_end":1021,"column_start":1,"column_end":64,"is_primary":false,"text":[{"text":"pub const WasmEdge_TypeCode_ExternRef: WasmEdge_TypeCode = 111;","highlight_start":1,"highlight_end":64}],"label":"similarly named constant `WasmEdge_TypeCode_ExternRef` defined here","suggested_replacement":null,"suggestion_applicability":null,"expansion":null},{"file_name":"/home/tarun/.cargo/registry/src/index.crates.io-1949cf8c6b5b557f/wasmedge-sys-0.17.5/src/types.rs","byte_start":9584,"byte_end":9610,"line_start":330,"line_end":330,"column_start":18,"column_end":44,"is_primary":true,"text":[{"text":"            ffi::WasmEdge_ValType_ExternRef => Self {","highlight_start":18,"highlight_end":44}],"label":null,"suggested_replacement":null,"suggestion_applicability":null,"expansion":null}],"children":[{"message":"a constant with a similar name exists","code":null,"level":"help","spans":[{"file_name":"/home/tarun/.cargo/registry/src/index.crates.io-1949cf8c6b5b557f/wasmedge-sys-0.17.5/src/types.rs","byte_start":9584,"byte_end":9610,"line_start":330,"line_end":330,"column_start":18,"column_end":44,"is_primary":true,"text":[{"text":"            ffi::WasmEdge_ValType_ExternRef => Self {","highlight_start":18,"highlight_end":44}],"label":null,"suggested_replacement":"WasmEdge_TypeCode_ExternRef","suggestion_applicability":"MaybeIncorrect","expansion":null}],"children":[],"rendered":null}],"rendered":"\u001b[1m\u001b[91merror[E0531]\u001b[0m\u001b[1m: cannot find unit struct, unit variant or constant `WasmEdge_ValType_ExternRef` in module `ffi`\u001b[0m\n    \u001b[1m\u001b[94m--> \u001b[0m/home/tarun/.cargo/registry/src/index.crates.io-1949cf8c6b5b557f/wasmedge-sys-0.17.5/src/types.rs:330:18\n     \u001b[1m\u001b[94m|\u001b[0m\n \u001b[1m\u001b[94m330\u001b[0m \u001b[1m\u001b[94m|\u001b[0m             ffi::WasmEdge_ValType_ExternRef => Self {\n     \u001b[1m\u001b[94m|\u001b[0m                  \u001b[1m\u001b[91m^^^^^^^^^^^^^^^^^^^^^^^^^^\u001b[0m \u001b[1m\u001b[91mhelp: a constant with a similar name exists: `WasmEdge_TypeCode_ExternRef`\u001b[0m\n     \u001b[1m\u001b[94m|\u001b[0m\n    \u001b[1m\u001b[94m::: \u001b[0m/media/tarun/Tarun/code/lfx/wasmedge-dependency-tree/target/debug/build/wasmedge-sys-dda912cd73149ca4/out/wasmedge.rs:1021:1\n     \u001b[1m\u001b[94m|\u001b[0m\n\u001b[1m\u001b[94m1021\u001b[0m \u001b[1m\u001b[94m|\u001b[0m pub const WasmEdge_TypeCode_ExternRef: WasmEdge_TypeCode = 111;\n     \u001b[1m\u001b[94m|\u001b[0m \u001b[1m\u001b[94m---------------------------------------------------------------\u001b[0m \u001b[1m\u001b[94msimilarly named constant `WasmEdge_TypeCode_ExternRef` defined here\u001b[0m\n\n"}
{"$message_type":"diagnostic","message":"the trait bound `ValType: From<WasmEdge_ValType>` is not satisfied","code":{"code":"E0277","explanation":"You tried to use a type which doesn't implement some trait in a place which\nexpected that trait.\n\nErroneous code example:\n\n```compile_fail,E0277\n// here we declare the Foo trait with a bar method\ntrait Foo {\n    fn bar(&self);\n}\n\n// we now declare a function which takes an object implementing the Foo trait\nfn some_func<T: Foo>(foo: T) {\n    foo.bar();\n}\n\nfn main() {\n    // we now call the method with the i32 type, which doesn't implement\n    // the Foo trait\n    some_func(5i32); // error: the trait bound `i32 : Foo` is not satisfied\n}\n```\n\nIn order to fix this error, verify that the type you're using does implement\nthe trait. Example:\n\n```\ntrait Foo {\n    fn bar(&self);\n}\n\n// we implement the trait on the i32 type\nimpl Foo for i32 {\n    fn bar(&self) {}\n}\n\nfn some_func<T: Foo>(foo: T) {\n    foo.bar(); // we can now use this method since i32 implements the\n               // Foo trait\n}\n\nfn main() {\n    some_func(5i32); // ok!\n}\n```\n\nOr in a generic context, an erroneous code example would look like:\n\n```compile_fail,E0277\nfn some_func<T>(foo: T) {\n    println!(\"{:?}\", foo); // error: the trait `core::fmt::Debug` is not\n                           //        implemented for the type `T`\n}\n\nfn main() {\n    // We now call the method with the i32 type,\n    // which *does* implement the Debug trait.\n    some_func(5i32);\n}\n```\n\nNote that the error here is in the definition of the generic function. Although\nwe only call it with a parameter that does implement `Debug`, the compiler\nstill rejects the function. It must work with all possible input types. In\norder to make this example compile, we need to restrict the generic type we're\naccepting:\n\n```\nuse std::fmt;\n\n// Restrict the input type to types that implement Debug.\nfn some_func<T: fmt::Debug>(foo: T) {\n    println!(\"{:?}\", foo);\n}\n\nfn main() {\n    // Calling the method is still fine, as i32 implements Debug.\n    some_func(5i32);\n\n    // This would fail to compile now:\n    // struct WithoutDebug;\n    // some_func(WithoutDebug);\n}\n```\n\nRust only looks at the signature of the called function, as such it must\nalready specify all requirements that will be used for every type parameter.\n"},"level":"error","spans":[{"file_name":"/home/tarun/.cargo/registry/src/index.crates.io-1949cf8c6b5b557f/wasmedge-sys-0.17.5/src/instance/function.rs","byte_start":22171,"byte_end":22204,"line_start":630,"line_end":630,"column_start":9,"column_end":42,"is_primary":true,"text":[{"text":"        types.into_iter().map(Into::into)","highlight_start":9,"highlight_end":42}],"label":"the trait `From<WasmEdge_ValType>` is not implemented for `ValType`","suggested_replacement":null,"suggestion_applicability":null,"expansion":null}],"children":[{"message":"the following other types implement trait `From<T>`:\n  `ValType` implements `From<i32>`\n  `ValType` implements `From<u32>`","code":null,"level":"help","spans":[],"children":[],"rendered":null},{"message":"required for `WasmEdge_ValType` to implement `Into<ValType>`","code":null,"level":"note","spans":[],"children":[],"rendered":null}],"rendered":"\u001b[1m\u001b[91merror[E0277]\u001b[0m\u001b[1m: the trait bound `ValType: From<WasmEdge_ValType>` is not satisfied\u001b[0m\n   \u001b[1m\u001b[94m--> \u001b[0m/home/tarun/.cargo/registry/src/index.crates.io-1949cf8c6b5b557f/wasmedge-sys-0.17.5/src/instance/function.rs:630:9\n    \u001b[1m\u001b[94m|\u001b[0m\n\u001b[1m\u001b[94m630\u001b[0m \u001b[1m\u001b[94m|\u001b[0m         types.into_iter().map(Into::into)\n    \u001b[1m\u001b[94m|\u001b[0m         \u001b[1m\u001b[91m^^^^^^^^^^^^^^^^^^^^^^^^^^^^^^^^^\u001b[0m \u001b[1m\u001b[91mthe trait `From<WasmEdge_ValType>` is not implemented for `ValType`\u001b[0m\n    \u001b[1m\u001b[94m|\u001b[0m\n    \u001b[1m\u001b[94m= \u001b[0m\u001b[1mhelp\u001b[0m: the following other types implement trait `From<T>`:\n              `ValType` implements `From<i32>`\n              `ValType` implements `From<u32>`\n    \u001b[1m\u001b[94m= \u001b[0m\u001b[1mnote\u001b[0m: required for `WasmEdge_ValType` to implement `Into<ValType>`\n\n"}
{"$message_type":"diagnostic","message":"the trait bound `ValType: From<WasmEdge_ValType>` is not satisfied","code":{"code":"E0277","explanation":"You tried to use a type which doesn't implement some trait in a place which\nexpected that trait.\n\nErroneous code example:\n\n```compile_fail,E0277\n// here we declare the Foo trait with a bar method\ntrait Foo {\n    fn bar(&self);\n}\n\n// we now declare a function which takes an object implementing the Foo trait\nfn some_func<T: Foo>(foo: T) {\n    foo.bar();\n}\n\nfn main() {\n    // we now call the method with the i32 type, which doesn't implement\n    // the Foo trait\n    some_func(5i32); // error: the trait bound `i32 : Foo` is not satisfied\n}\n```\n\nIn order to fix this error, verify that the type you're using does implement\nthe trait. Example:\n\n```\ntrait Foo {\n    fn bar(&self);\n}\n\n// we implement the trait on the i32 type\nimpl Foo for i32 {\n    fn bar(&self) {}\n}\n\nfn some_func<T: Foo>(foo: T) {\n    foo.bar(); // we can now use this method since i32 implements the\n               // Foo trait\n}\n\nfn main() {\n    some_func(5i32); // ok!\n}\n```\n\nOr in a generic context, an erroneous code example would look like:\n\n```compile_fail,E0277\nfn some_func<T>(foo: T) {\n    println!(\"{:?}\", foo); // error: the trait `core::fmt::Debug` is not\n                           //        implemented for the type `T`\n}\n\nfn main() {\n    // We now call the method with the i32 type,\n    // which *does* implement the Debug trait.\n    some_func(5i32);\n}\n```\n\nNote that the error here is in the definition of the generic function. Although\nwe only call it with a parameter that does implement `Debug`, the compiler\nstill rejects the function. It must work with all possible input types. In\norder to make this example compile, we need to restrict the generic type we're\naccepting:\n\n```\nuse std::fmt;\n\n// Restrict the input type to types that implement Debug.\nfn some_func<T: fmt::Debug>(foo: T) {\n    println!(\"{:?}\", foo);\n}\n\nfn main() {\n    // Calling the method is still fine, as i32 implements Debug.\n    some_func(5i32);\n\n    // This would fail to compile now:\n    // struct WithoutDebug;\n    // some_func(WithoutDebug);\n}\n```\n\nRust only looks at the signature of the called function, as such it must\nalready specify all requirements that will be used for every type parameter.\n"},"level":"error","spans":[{"file_name":"/home/tarun/.cargo/registry/src/index.crates.io-1949cf8c6b5b557f/wasmedge-sys-0.17.5/src/instance/function.rs","byte_start":22193,"byte_end":22203,"line_start":630,"line_end":630,"column_start":31,"column_end":41,"is_primary":true,"text":[{"text":"        types.into_iter().map(Into::into)","highlight_start":31,"highlight_end":41}],"label":"the trait `From<WasmEdge_ValType>` is not implemented for `ValType`","suggested_replacement":null,"suggestion_applicability":null,"expansion":null}],"children":[{"message":"the following other types implement trait `From<T>`:\n  `ValType` implements `From<i32>`\n  `ValType` implements `From<u32>`","code":null,"level":"help","spans":[],"children":[],"rendered":null},{"message":"required for `WasmEdge_ValType` to implement `Into<ValType>`","code":null,"level":"note","spans":[],"children":[],"rendered":null}],"rendered":"\u001b[1m\u001b[91merror[E0277]\u001b[0m\u001b[1m: the trait bound `ValType: From<WasmEdge_ValType>` is not satisfied\u001b[0m\n   \u001b[1m\u001b[94m--> \u001b[0m/home/tarun/.cargo/registry/src/index.crates.io-1949cf8c6b5b557f/wasmedge-sys-0.17.5/src/instance/function.rs:630:31\n    \u001b[1m\u001b[94m|\u001b[0m\n\u001b[1m\u001b[94m630\u001b[0m \u001b[1m\u001b[94m|\u001b[0m         types.into_iter().map(Into::into)\n    \u001b[1m\u001b[94m|\u001b[0m                               \u001b[1m\u001b[91m^^^^^^^^^^\u001b[0m \u001b[1m\u001b[91mthe trait `From<WasmEdge_ValType>` is not implemented for `ValType`\u001b[0m\n    \u001b[1m\u001b[94m|\u001b[0m\n    \u001b[1m\u001b[94m= \u001b[0m\u001b[1mhelp\u001b[0m: the following other types implement trait `From<T>`:\n              `ValType` implements `From<i32>`\n              `ValType` implements `From<u32>`\n    \u001b[1m\u001b[94m= \u001b[0m\u001b[1mnote\u001b[0m: required for `WasmEdge_ValType` to implement `Into<ValType>`\n\n"}
{"$message_type":"diagnostic","message":"the trait bound `ValType: From<WasmEdge_ValType>` is not satisfied","code":{"code":"E0277","explanation":"You tried to use a type which doesn't implement some trait in a place which\nexpected that trait.\n\nErroneous code example:\n\n```compile_fail,E0277\n// here we declare the Foo trait with a bar method\ntrait Foo {\n    fn bar(&self);\n}\n\n// we now declare a function which takes an object implementing the Foo trait\nfn some_func<T: Foo>(foo: T) {\n    foo.bar();\n}\n\nfn main() {\n    // we now call the method with the i32 type, which doesn't implement\n    // the Foo trait\n    some_func(5i32); // error: the trait bound `i32 : Foo` is not satisfied\n}\n```\n\nIn order to fix this error, verify that the type you're using does implement\nthe trait. Example:\n\n```\ntrait Foo {\n    fn bar(&self);\n}\n\n// we implement the trait on the i32 type\nimpl Foo for i32 {\n    fn bar(&self) {}\n}\n\nfn some_func<T: Foo>(foo: T) {\n    foo.bar(); // we can now use this method since i32 implements the\n               // Foo trait\n}\n\nfn main() {\n    some_func(5i32); // ok!\n}\n```\n\nOr in a generic context, an erroneous code example would look like:\n\n```compile_fail,E0277\nfn some_func<T>(foo: T) {\n    println!(\"{:?}\", foo); // error: the trait `core::fmt::Debug` is not\n                           //        implemented for the type `T`\n}\n\nfn main() {\n    // We now call the method with the i32 type,\n    // which *does* implement the Debug trait.\n    some_func(5i32);\n}\n```\n\nNote that the error here is in the definition of the generic function. Although\nwe only call it with a parameter that does implement `Debug`, the compiler\nstill rejects the function. It must work with all possible input types. In\norder to make this example compile, we need to restrict the generic type we're\naccepting:\n\n```\nuse std::fmt;\n\n// Restrict the input type to types that implement Debug.\nfn some_func<T: fmt::Debug>(foo: T) {\n    println!(\"{:?}\", foo);\n}\n\nfn main() {\n    // Calling the method is still fine, as i32 implements Debug.\n    some_func(5i32);\n\n    // This would fail to compile now:\n    // struct WithoutDebug;\n    // some_func(WithoutDebug);\n}\n```\n\nRust only looks at the signature of the called function, as such it must\nalready specify all requirements that will be used for every type parameter.\n"},"level":"error","spans":[{"file_name":"/home/tarun/.cargo/registry/src/index.crates.io-1949cf8c6b5b557f/wasmedge-sys-0.17.5/src/instance/function.rs","byte_start":21875,"byte_end":21904,"line_start":622,"line_end":622,"column_start":39,"column_end":68,"is_primary":true,"text":[{"text":"    pub fn params_type_iter(&self) -> impl Iterator<Item = ValType> {","highlight_start":39,"highlight_end":68}],"label":"the trait `From<WasmEdge_ValType>` is not implemented for `ValType`","suggested_replacement":null,"suggestion_applicability":null,"expansion":{"span":{"file_name":"/home/tarun/.cargo/registry/src/index.crates.io-1949cf8c6b5b557f/wasmedge-sys-0.17.5/src/instance/function.rs","byte_start":21875,"byte_end":21904,"line_start":622,"line_end":622,"column_start":39,"column_end":68,"is_primary":false,"text":[{"text":"    pub fn params_type_iter(&self) -> impl Iterator<Item = ValType> {","highlight_start":39,"highlight_end":68}],"label":null,"suggested_replacement":null,"suggestion_applicability":null,"expansion":null},"macro_decl_name":"desugaring of `impl Trait`","def_site_span":{"file_name":"/home/tarun/.cargo/registry/src/index.crates.io-1949cf8c6b5b557f/wasmedge-sys-0.17.5/src/lib.rs","byte_start":0,"byte_end":0,"line_start":1,"line_end":1,"column_start":1,"column_end":1,"is_primary":false,"text":[],"label":null,"suggested_replacement":null,"suggestion_applicability":null,"expansion":null}}}],"children":[{"message":"the following other types implement trait `From<T>`:\n  `ValType` implements `From<i32>`\n  `ValType` implements `From<u32>`","code":null,"level":"help","spans":[],"children":[],"rendered":null},{"message":"required for `WasmEdge_ValType` to implement `Into<ValType>`","code":null,"level":"note","spans":[],"children":[],"rendered":null}],"rendered":"\u001b[1m\u001b[91merror[E0277]\u001b[0m\u001b[1m: the trait bound `ValType: From<WasmEdge_ValType>` is not satisfied\u001b[0m\n   \u001b[1m\u001b[94m--> \u001b[0m/home/tarun/.cargo/registry/src/index.crates.io-1949cf8c6b5b557f/wasmedge-sys-0.17.5/src/instance/function.rs:622:39\n    \u001b[1m\u001b[94m|\u001b[0m\n\u001b[1m\u001b[94m622\u001b[0m \u001b[1m\u001b[94m|\u001b[0m     pub fn params_type_iter(&self) -> impl Iterator<Item = ValType> {\n    \u001b[1m\u001b[94m|\u001b[0m                                       \u001b[1m\u001b[91m^^^^^^^^^^^^^^^^^^^^^^^^^^^^^\u001b[0m \u001b[1m\u001b[91mthe trait `From<WasmEdge_ValType>` is not implemented for `ValType`\u001b[0m\n    \u001b[1m\u001b[94m|\u001b[0m\n    \u001b[1m\u001b[94m= \u001b[0m\u001b[1mhelp\u001b[0m: the following other types implement trait `From<T>`:\n              `ValType` implements `From<i32>`\n              `ValType` implements `From<u32>`\n    \u001b[1m\u001b[94m= \u001b[0m\u001b[1mnote\u001b[0m: required for `WasmEdge_ValType` to implement `Into<ValType>`\n\n"}
{"$message_type":"diagnostic","message":"the trait bound `ValType: From<WasmEdge_ValType>` is not satisfied","code":{"code":"E0277","explanation":"You tried to use a type which doesn't implement some trait in a place which\nexpected that trait.\n\nErroneous code example:\n\n```compile_fail,E0277\n// here we declare the Foo trait with a bar method\ntrait Foo {\n    fn bar(&self);\n}\n\n// we now declare a function which takes an object implementing the Foo trait\nfn some_func<T: Foo>(foo: T) {\n    foo.bar();\n}\n\nfn main() {\n    // we now call the method with the i32 type, which doesn't implement\n    // the Foo trait\n    some_func(5i32); // error: the trait bound `i32 : Foo` is not satisfied\n}\n```\n\nIn order to fix this error, verify that the type you're using does implement\nthe trait. Example:\n\n```\ntrait Foo {\n    fn bar(&self);\n}\n\n// we implement the trait on the i32 type\nimpl Foo for i32 {\n    fn bar(&self) {}\n}\n\nfn some_func<T: Foo>(foo: T) {\n    foo.bar(); // we can now use this method since i32 implements the\n               // Foo trait\n}\n\nfn main() {\n    some_func(5i32); // ok!\n}\n```\n\nOr in a generic context, an erroneous code example would look like:\n\n```compile_fail,E0277\nfn some_func<T>(foo: T) {\n    println!(\"{:?}\", foo); // error: the trait `core::fmt::Debug` is not\n                           //        implemented for the type `T`\n}\n\nfn main() {\n    // We now call the method with the i32 type,\n    // which *does* implement the Debug trait.\n    some_func(5i32);\n}\n```\n\nNote that the error here is in the definition of the generic function. Although\nwe only call it with a parameter that does implement `Debug`, the compiler\nstill rejects the function. It must work with all possible input types. In\norder to make this example compile, we need to restrict the generic type we're\naccepting:\n\n```\nuse std::fmt;\n\n// Restrict the input type to types that implement Debug.\nfn some_func<T: fmt::Debug>(foo: T) {\n    println!(\"{:?}\", foo);\n}\n\nfn main() {\n    // Calling the method is still fine, as i32 implements Debug.\n    some_func(5i32);\n\n    // This would fail to compile now:\n    // struct WithoutDebug;\n    // some_func(WithoutDebug);\n}\n```\n\nRust only looks at the signature of the called function, as such it must\nalready specify all requirements that will be used for every type parameter.\n"},"level":"error","spans":[{"file_name":"/home/tarun/.cargo/registry/src/index.crates.io-1949cf8c6b5b557f/wasmedge-sys-0.17.5/src/instance/function.rs","byte_start":22790,"byte_end":22823,"line_start":647,"line_end":647,"column_start":9,"column_end":42,"is_primary":true,"text":[{"text":"        types.into_iter().map(Into::into)","highlight_start":9,"highlight_end":42}],"label":"the trait `From<WasmEdge_ValType>` is not implemented for `ValType`","suggested_replacement":null,"suggestion_applicability":null,"expansion":null}],"children":[{"message":"the following other types implement trait `From<T>`:\n  `ValType` implements `From<i32>`\n  `ValType` implements `From<u32>`","code":null,"level":"help","spans":[],"children":[],"rendered":null},{"message":"required for `WasmEdge_ValType` to implement `Into<ValType>`","code":null,"level":"note","spans":[],"children":[],"rendered":null}],"rendered":"\u001b[1m\u001b[91merror[E0277]\u001b[0m\u001b[1m: the trait bound `ValType: From<WasmEdge_ValType>` is not satisfied\u001b[0m\n   \u001b[1m\u001b[94m--> \u001b[0m/home/tarun/.cargo/registry/src/index.crates.io-1949cf8c6b5b557f/wasmedge-sys-0.17.5/src/instance/function.rs:647:9\n    \u001b[1m\u001b[94m|\u001b[0m\n\u001b[1m\u001b[94m647\u001b[0m \u001b[1m\u001b[94m|\u001b[0m         types.into_iter().map(Into::into)\n    \u001b[1m\u001b[94m|\u001b[0m         \u001b[1m\u001b[91m^^^^^^^^^^^^^^^^^^^^^^^^^^^^^^^^^\u001b[0m \u001b[1m\u001b[91mthe trait `From<WasmEdge_ValType>` is not implemented for `ValType`\u001b[0m\n    \u001b[1m\u001b[94m|\u001b[0m\n    \u001b[1m\u001b[94m= \u001b[0m\u001b[1mhelp\u001b[0m: the following other types implement trait `From<T>`:\n              `ValType` implements `From<i32>`\n              `ValType` implements `From<u32>`\n    \u001b[1m\u001b[94m= \u001b[0m\u001b[1mnote\u001b[0m: required for `WasmEdge_ValType` to implement `Into<ValType>`\n\n"}
{"$message_type":"diagnostic","message":"the trait bound `ValType: From<WasmEdge_ValType>` is not satisfied","code":{"code":"E0277","explanation":"You tried to use a type which doesn't implement some trait in a place which\nexpected that trait.\n\nErroneous code example:\n\n```compile_fail,E0277\n// here we declare the Foo trait with a bar method\ntrait Foo {\n    fn bar(&self);\n}\n\n// we now declare a function which takes an object implementing the Foo trait\nfn some_func<T: Foo>(foo: T) {\n    foo.bar();\n}\n\nfn main() {\n    // we now call the method with the i32 type, which doesn't implement\n    // the Foo trait\n    some_func(5i32); // error: the trait bound `i32 : Foo` is not satisfied\n}\n```\n\nIn order to fix this error, verify that the type you're using does implement\nthe trait. Example:\n\n```\ntrait Foo {\n    fn bar(&self);\n}\n\n// we implement the trait on the i32 type\nimpl Foo for i32 {\n    fn bar(&self) {}\n}\n\nfn some_func<T: Foo>(foo: T) {\n    foo.bar(); // we can now use this method since i32 implements the\n               // Foo trait\n}\n\nfn main() {\n    some_func(5i32); // ok!\n}\n```\n\nOr in a generic context, an erroneous code example would look like:\n\n```compile_fail,E0277\nfn some_func<T>(foo: T) {\n    println!(\"{:?}\", foo); // error: the trait `core::fmt::Debug` is not\n                           //        implemented for the type `T`\n}\n\nfn main() {\n    // We now call the method with the i32 type,\n    // which *does* implement the Debug trait.\n    some_func(5i32);\n}\n```\n\nNote that the error here is in the definition of the generic function. Although\nwe only call it with a parameter that does implement `Debug`, the compiler\nstill rejects the function. It must work with all possible input types. In\norder to make this example compile, we need to restrict the generic type we're\naccepting:\n\n```\nuse std::fmt;\n\n// Restrict the input type to types that implement Debug.\nfn some_func<T: fmt::Debug>(foo: T) {\n    println!(\"{:?}\", foo);\n}\n\nfn main() {\n    // Calling the method is still fine, as i32 implements Debug.\n    some_func(5i32);\n\n    // This would fail to compile now:\n    // struct WithoutDebug;\n    // some_func(WithoutDebug);\n}\n```\n\nRust only looks at the signature of the called function, as such it must\nalready specify all requirements that will be used for every type parameter.\n"},"level":"error","spans":[{"file_name":"/home/tarun/.cargo/registry/src/index.crates.io-1949cf8c6b5b557f/wasmedge-sys-0.17.5/src/instance/function.rs","byte_start":22812,"byte_end":22822,"line_start":647,"line_end":647,"column_start":31,"column_end":41,"is_primary":true,"text":[{"text":"        types.into_iter().map(Into::into)","highlight_start":31,"highlight_end":41}],"label":"the trait `From<WasmEdge_ValType>` is not implemented for `ValType`","suggested_replacement":null,"suggestion_applicability":null,"expansion":null}],"children":[{"message":"the following other types implement trait `From<T>`:\n  `ValType` implements `From<i32>`\n  `ValType` implements `From<u32>`","code":null,"level":"help","spans":[],"children":[],"rendered":null},{"message":"required for `WasmEdge_ValType` to implement `Into<ValType>`","code":null,"level":"note","spans":[],"children":[],"rendered":null}],"rendered":"\u001b[1m\u001b[91merror[E0277]\u001b[0m\u001b[1m: the trait bound `ValType: From<WasmEdge_ValType>` is not satisfied\u001b[0m\n   \u001b[1m\u001b[94m--> \u001b[0m/home/tarun/.cargo/registry/src/index.crates.io-1949cf8c6b5b557f/wasmedge-sys-0.17.5/src/instance/function.rs:647:31\n    \u001b[1m\u001b[94m|\u001b[0m\n\u001b[1m\u001b[94m647\u001b[0m \u001b[1m\u001b[94m|\u001b[0m         types.into_iter().map(Into::into)\n    \u001b[1m\u001b[94m|\u001b[0m                               \u001b[1m\u001b[91m^^^^^^^^^^\u001b[0m \u001b[1m\u001b[91mthe trait `From<WasmEdge_ValType>` is not implemented for `ValType`\u001b[0m\n    \u001b[1m\u001b[94m|\u001b[0m\n    \u001b[1m\u001b[94m= \u001b[0m\u001b[1mhelp\u001b[0m: the following other types implement trait `From<T>`:\n              `ValType` implements `From<i32>`\n              `ValType` implements `From<u32>`\n    \u001b[1m\u001b[94m= \u001b[0m\u001b[1mnote\u001b[0m: required for `WasmEdge_ValType` to implement `Into<ValType>`\n\n"}
{"$message_type":"diagnostic","message":"the trait bound `ValType: From<WasmEdge_ValType>` is not satisfied","code":{"code":"E0277","explanation":"You tried to use a type which doesn't implement some trait in a place which\nexpected that trait.\n\nErroneous code example:\n\n```compile_fail,E0277\n// here we declare the Foo trait with a bar method\ntrait Foo {\n    fn bar(&self);\n}\n\n// we now declare a function which takes an object implementing the Foo trait\nfn some_func<T: Foo>(foo: T) {\n    foo.bar();\n}\n\nfn main() {\n    // we now call the method with the i32 type, which doesn't implement\n    // the Foo trait\n    some_func(5i32); // error: the trait bound `i32 : Foo` is not satisfied\n}\n```\n\nIn order to fix this error, verify that the type you're using does implement\nthe trait. Example:\n\n```\ntrait Foo {\n    fn bar(&self);\n}\n\n// we implement the trait on the i32 type\nimpl Foo for i32 {\n    fn bar(&self) {}\n}\n\nfn some_func<T: Foo>(foo: T) {\n    foo.bar(); // we can now use this method since i32 implements the\n               // Foo trait\n}\n\nfn main() {\n    some_func(5i32); // ok!\n}\n```\n\nOr in a generic context, an erroneous code example would look like:\n\n```compile_fail,E0277\nfn some_func<T>(foo: T) {\n    println!(\"{:?}\", foo); // error: the trait `core::fmt::Debug` is not\n                           //        implemented for the type `T`\n}\n\nfn main() {\n    // We now call the method with the i32 type,\n    // which *does* implement the Debug trait.\n    some_func(5i32);\n}\n```\n\nNote that the error here is in the definition of the generic function. Although\nwe only call it with a parameter that does implement `Debug`, the compiler\nstill rejects the function. It must work with all possible input types. In\norder to make this example compile, we need to restrict the generic type we're\naccepting:\n\n```\nuse std::fmt;\n\n// Restrict the input type to types that implement Debug.\nfn some_func<T: fmt::Debug>(foo: T) {\n    println!(\"{:?}\", foo);\n}\n\nfn main() {\n    // Calling the method is still fine, as i32 implements Debug.\n    some_func(5i32);\n\n    // This would fail to compile now:\n    // struct WithoutDebug;\n    // some_func(WithoutDebug);\n}\n```\n\nRust only looks at the signature of the called function, as such it must\nalready specify all requirements that will be used for every type parameter.\n"},"level":"error","spans":[{"file_name":"/home/tarun/.cargo/registry/src/index.crates.io-1949cf8c6b5b557f/wasmedge-sys-0.17.5/src/instance/function.rs","byte_start":22496,"byte_end":22525,"line_start":639,"line_end":639,"column_start":40,"column_end":69,"is_primary":true,"text":[{"text":"    pub fn returns_type_iter(&self) -> impl Iterator<Item = ValType> {","highlight_start":40,"highlight_end":69}],"label":"the trait `From<WasmEdge_ValType>` is not implemented for `ValType`","suggested_replacement":null,"suggestion_applicability":null,"expansion":{"span":{"file_name":"/home/tarun/.cargo/registry/src/index.crates.io-1949cf8c6b5b557f/wasmedge-sys-0.17.5/src/instance/function.rs","byte_start":22496,"byte_end":22525,"line_start":639,"line_end":639,"column_start":40,"column_end":69,"is_primary":false,"text":[{"text":"    pub fn returns_type_iter(&self) -> impl Iterator<Item = ValType> {","highlight_start":40,"highlight_end":69}],"label":null,"suggested_replacement":null,"suggestion_applicability":null,"expansion":null},"macro_decl_name":"desugaring of `impl Trait`","def_site_span":{"file_name":"/home/tarun/.cargo/registry/src/index.crates.io-1949cf8c6b5b557f/wasmedge-sys-0.17.5/src/lib.rs","byte_start":0,"byte_end":0,"line_start":1,"line_end":1,"column_start":1,"column_end":1,"is_primary":false,"text":[],"label":null,"suggested_replacement":null,"suggestion_applicability":null,"expansion":null}}}],"children":[{"message":"the following other types implement trait `From<T>`:\n  `ValType` implements `From<i32>`\n  `ValType` implements `From<u32>`","code":null,"level":"help","spans":[],"children":[],"rendered":null},{"message":"required for `WasmEdge_ValType` to implement `Into<ValType>`","code":null,"level":"note","spans":[],"children":[],"rendered":null}],"rendered":"\u001b[1m\u001b[91merror[E0277]\u001b[0m\u001b[1m: the trait bound `ValType: From<WasmEdge_ValType>` is not satisfied\u001b[0m\n   \u001b[1m\u001b[94m--> \u001b[0m/home/tarun/.cargo/registry/src/index.crates.io-1949cf8c6b5b557f/wasmedge-sys-0.17.5/src/instance/function.rs:639:40\n    \u001b[1m\u001b[94m|\u001b[0m\n\u001b[1m\u001b[94m639\u001b[0m \u001b[1m\u001b[94m|\u001b[0m     pub fn returns_type_iter(&self) -> impl Iterator<Item = ValType> {\n    \u001b[1m\u001b[94m|\u001b[0m                                        \u001b[1m\u001b[91m^^^^^^^^^^^^^^^^^^^^^^^^^^^^^\u001b[0m \u001b[1m\u001b[91mthe trait `From<WasmEdge_ValType>` is not implemented for `ValType`\u001b[0m\n    \u001b[1m\u001b[94m|\u001b[0m\n    \u001b[1m\u001b[94m= \u001b[0m\u001b[1mhelp\u001b[0m: the following other types implement trait `From<T>`:\n              `ValType` implements `From<i32>`\n              `ValType` implements `From<u32>`\n    \u001b[1m\u001b[94m= \u001b[0m\u001b[1mnote\u001b[0m: required for `WasmEdge_ValType` to implement `Into<ValType>`\n\n"}
{"$message_type":"diagnostic","message":"the trait bound `ValType: From<WasmEdge_ValType>` is not satisfied","code":{"code":"E0277","explanation":"You tried to use a type which doesn't implement some trait in a place which\nexpected that trait.\n\nErroneous code example:\n\n```compile_fail,E0277\n// here we declare the Foo trait with a bar method\ntrait Foo {\n    fn bar(&self);\n}\n\n// we now declare a function which takes an object implementing the Foo trait\nfn some_func<T: Foo>(foo: T) {\n    foo.bar();\n}\n\nfn main() {\n    // we now call the method with the i32 type, which doesn't implement\n    // the Foo trait\n    some_func(5i32); // error: the trait bound `i32 : Foo` is not satisfied\n}\n```\n\nIn order to fix this error, verify that the type you're using does implement\nthe trait. Example:\n\n```\ntrait Foo {\n    fn bar(&self);\n}\n\n// we implement the trait on the i32 type\nimpl Foo for i32 {\n    fn bar(&self) {}\n}\n\nfn some_func<T: Foo>(foo: T) {\n    foo.bar(); // we can now use this method since i32 implements the\n               // Foo trait\n}\n\nfn main() {\n    some_func(5i32); // ok!\n}\n```\n\nOr in a generic context, an erroneous code example would look like:\n\n```compile_fail,E0277\nfn some_func<T>(foo: T) {\n    println!(\"{:?}\", foo); // error: the trait `core::fmt::Debug` is not\n                           //        implemented for the type `T`\n}\n\nfn main() {\n    // We now call the method with the i32 type,\n    // which *does* implement the Debug trait.\n    some_func(5i32);\n}\n```\n\nNote that the error here is in the definition of the generic function. Although\nwe only call it with a parameter that does implement `Debug`, the compiler\nstill rejects the function. It must work with all possible input types. In\norder to make this example compile, we need to restrict the generic type we're\naccepting:\n\n```\nuse std::fmt;\n\n// Restrict the input type to types that implement Debug.\nfn some_func<T: fmt::Debug>(foo: T) {\n    println!(\"{:?}\", foo);\n}\n\nfn main() {\n    // Calling the method is still fine, as i32 implements Debug.\n    some_func(5i32);\n\n    // This would fail to compile now:\n    // struct WithoutDebug;\n    // some_func(WithoutDebug);\n}\n```\n\nRust only looks at the signature of the called function, as such it must\nalready specify all requirements that will be used for every type parameter.\n"},"level":"error","spans":[{"file_name":"/home/tarun/.cargo/registry/src/index.crates.io-1949cf8c6b5b557f/wasmedge-sys-0.17.5/src/ast_module.rs","byte_start":4985,"byte_end":5027,"line_start":133,"line_end":133,"column_start":50,"column_end":92,"is_primary":true,"text":[{"text":"                        let args: Vec<ValType> = args.into_iter().map(Into::into).collect();","highlight_start":50,"highlight_end":92}],"label":"the trait `From<WasmEdge_ValType>` is not implemented for `ValType`","suggested_replacement":null,"suggestion_applicability":null,"expansion":null}],"children":[{"message":"the following other types implement trait `From<T>`:\n  `ValType` implements `From<i32>`\n  `ValType` implements `From<u32>`","code":null,"level":"help","spans":[],"children":[],"rendered":null},{"message":"required for `WasmEdge_ValType` to implement `Into<ValType>`","code":null,"level":"note","spans":[],"children":[],"rendered":null}],"rendered":"\u001b[1m\u001b[91merror[E0277]\u001b[0m\u001b[1m: the trait bound `ValType: From<WasmEdge_ValType>` is not satisfied\u001b[0m\n   \u001b[1m\u001b[94m--> \u001b[0m/home/tarun/.cargo/registry/src/index.crates.io-1949cf8c6b5b557f/wasmedge-sys-0.17.5/src/ast_module.rs:133:50\n    \u001b[1m\u001b[94m|\u001b[0m\n\u001b[1m\u001b[94m133\u001b[0m \u001b[1m\u001b[94m|\u001b[0m                         let args: Vec<ValType> = args.into_iter().map(Into::into).collect();\n    \u001b[1m\u001b[94m|\u001b[0m                                                  \u001b[1m\u001b[91m^^^^^^^^^^^^^^^^^^^^^^^^^^^^^^^^^^^^^^^^^^\u001b[0m \u001b[1m\u001b[91mthe trait `From<WasmEdge_ValType>` is not implemented for `ValType`\u001b[0m\n    \u001b[1m\u001b[94m|\u001b[0m\n    \u001b[1m\u001b[94m= \u001b[0m\u001b[1mhelp\u001b[0m: the following other types implement trait `From<T>`:\n              `ValType` implements `From<i32>`\n              `ValType` implements `From<u32>`\n    \u001b[1m\u001b[94m= \u001b[0m\u001b[1mnote\u001b[0m: required for `WasmEdge_ValType` to implement `Into<ValType>`\n\n"}
{"$message_type":"diagnostic","message":"the trait bound `ValType: From<WasmEdge_ValType>` is not satisfied","code":{"code":"E0277","explanation":"You tried to use a type which doesn't implement some trait in a place which\nexpected that trait.\n\nErroneous code example:\n\n```compile_fail,E0277\n// here we declare the Foo trait with a bar method\ntrait Foo {\n    fn bar(&self);\n}\n\n// we now declare a function which takes an object implementing the Foo trait\nfn some_func<T: Foo>(foo: T) {\n    foo.bar();\n}\n\nfn main() {\n    // we now call the method with the i32 type, which doesn't implement\n    // the Foo trait\n    some_func(5i32); // error: the trait bound `i32 : Foo` is not satisfied\n}\n```\n\nIn order to fix this error, verify that the type you're using does implement\nthe trait. Example:\n\n```\ntrait Foo {\n    fn bar(&self);\n}\n\n// we implement the trait on the i32 type\nimpl Foo for i32 {\n    fn bar(&self) {}\n}\n\nfn some_func<T: Foo>(foo: T) {\n    foo.bar(); // we can now use this method since i32 implements the\n               // Foo trait\n}\n\nfn main() {\n    some_func(5i32); // ok!\n}\n```\n\nOr in a generic context, an erroneous code example would look like:\n\n```compile_fail,E0277\nfn some_func<T>(foo: T) {\n    println!(\"{:?}\", foo); // error: the trait `core::fmt::Debug` is not\n                           //        implemented for the type `T`\n}\n\nfn main() {\n    // We now call the method with the i32 type,\n    // which *does* implement the Debug trait.\n    some_func(5i32);\n}\n```\n\nNote that the error here is in the definition of the generic function. Although\nwe only call it with a parameter that does implement `Debug`, the compiler\nstill rejects the function. It must work with all possible input types. In\norder to make this example compile, we need to restrict the generic type we're\naccepting:\n\n```\nuse std::fmt;\n\n// Restrict the input type to types that implement Debug.\nfn some_func<T: fmt::Debug>(foo: T) {\n    println!(\"{:?}\", foo);\n}\n\nfn main() {\n    // Calling the method is still fine, as i32 implements Debug.\n    some_func(5i32);\n\n    // This would fail to compile now:\n    // struct WithoutDebug;\n    // some_func(WithoutDebug);\n}\n```\n\nRust only looks at the signature of the called function, as such it must\nalready specify all requirements that will be used for every type parameter.\n"},"level":"error","spans":[{"file_name":"/home/tarun/.cargo/registry/src/index.crates.io-1949cf8c6b5b557f/wasmedge-sys-0.17.5/src/ast_module.rs","byte_start":4985,"byte_end":5017,"line_start":133,"line_end":133,"column_start":50,"column_end":82,"is_primary":true,"text":[{"text":"                        let args: Vec<ValType> = args.into_iter().map(Into::into).collect();","highlight_start":50,"highlight_end":82}],"label":"the trait `From<WasmEdge_ValType>` is not implemented for `ValType`","suggested_replacement":null,"suggestion_applicability":null,"expansion":null}],"children":[{"message":"the following other types implement trait `From<T>`:\n  `ValType` implements `From<i32>`\n  `ValType` implements `From<u32>`","code":null,"level":"help","spans":[],"children":[],"rendered":null},{"message":"required for `WasmEdge_ValType` to implement `Into<ValType>`","code":null,"level":"note","spans":[],"children":[],"rendered":null}],"rendered":"\u001b[1m\u001b[91merror[E0277]\u001b[0m\u001b[1m: the trait bound `ValType: From<WasmEdge_ValType>` is not satisfied\u001b[0m\n   \u001b[1m\u001b[94m--> \u001b[0m/home/tarun/.cargo/registry/src/index.crates.io-1949cf8c6b5b557f/wasmedge-sys-0.17.5/src/ast_module.rs:133:50\n    \u001b[1m\u001b[94m|\u001b[0m\n\u001b[1m\u001b[94m133\u001b[0m \u001b[1m\u001b[94m|\u001b[0m                         let args: Vec<ValType> = args.into_iter().map(Into::into).collect();\n    \u001b[1m\u001b[94m|\u001b[0m                                                  \u001b[1m\u001b[91m^^^^^^^^^^^^^^^^^^^^^^^^^^^^^^^^\u001b[0m \u001b[1m\u001b[91mthe trait `From<WasmEdge_ValType>` is not implemented for `ValType`\u001b[0m\n    \u001b[1m\u001b[94m|\u001b[0m\n    \u001b[1m\u001b[94m= \u001b[0m\u001b[1mhelp\u001b[0m: the following other types implement trait `From<T>`:\n              `ValType` implements `From<i32>`\n              `ValType` implements `From<u32>`\n    \u001b[1m\u001b[94m= \u001b[0m\u001b[1mnote\u001b[0m: required for `WasmEdge_ValType` to implement `Into<ValType>`\n\n"}
{"$message_type":"diagnostic","message":"the trait bound `ValType: From<WasmEdge_ValType>` is not satisfied","code":{"code":"E0277","explanation":"You tried to use a type which doesn't implement some trait in a place which\nexpected that trait.\n\nErroneous code example:\n\n```compile_fail,E0277\n// here we declare the Foo trait with a bar method\ntrait Foo {\n    fn bar(&self);\n}\n\n// we now declare a function which takes an object implementing the Foo trait\nfn some_func<T: Foo>(foo: T) {\n    foo.bar();\n}\n\nfn main() {\n    // we now call the method with the i32 type, which doesn't implement\n    // the Foo trait\n    some_func(5i32); // error: the trait bound `i32 : Foo` is not satisfied\n}\n```\n\nIn order to fix this error, verify that the type you're using does implement\nthe trait. Example:\n\n```\ntrait Foo {\n    fn bar(&self);\n}\n\n// we implement the trait on the i32 type\nimpl Foo for i32 {\n    fn bar(&self) {}\n}\n\nfn some_func<T: Foo>(foo: T) {\n    foo.bar(); // we can now use this method since i32 implements the\n               // Foo trait\n}\n\nfn main() {\n    some_func(5i32); // ok!\n}\n```\n\nOr in a generic context, an erroneous code example would look like:\n\n```compile_fail,E0277\nfn some_func<T>(foo: T) {\n    println!(\"{:?}\", foo); // error: the trait `core::fmt::Debug` is not\n                           //        implemented for the type `T`\n}\n\nfn main() {\n    // We now call the method with the i32 type,\n    // which *does* implement the Debug trait.\n    some_func(5i32);\n}\n```\n\nNote that the error here is in the definition of the generic function. Although\nwe only call it with a parameter that does implement `Debug`, the compiler\nstill rejects the function. It must work with all possible input types. In\norder to make this example compile, we need to restrict the generic type we're\naccepting:\n\n```\nuse std::fmt;\n\n// Restrict the input type to types that implement Debug.\nfn some_func<T: fmt::Debug>(foo: T) {\n    println!(\"{:?}\", foo);\n}\n\nfn main() {\n    // Calling the method is still fine, as i32 implements Debug.\n    some_func(5i32);\n\n    // This would fail to compile now:\n    // struct WithoutDebug;\n    // some_func(WithoutDebug);\n}\n```\n\nRust only looks at the signature of the called function, as such it must\nalready specify all requirements that will be used for every type parameter.\n"},"level":"error","spans":[{"file_name":"/home/tarun/.cargo/registry/src/index.crates.io-1949cf8c6b5b557f/wasmedge-sys-0.17.5/src/ast_module.rs","byte_start":5006,"byte_end":5016,"line_start":133,"line_end":133,"column_start":71,"column_end":81,"is_primary":true,"text":[{"text":"                        let args: Vec<ValType> = args.into_iter().map(Into::into).collect();","highlight_start":71,"highlight_end":81}],"label":"the trait `From<WasmEdge_ValType>` is not implemented for `ValType`","suggested_replacement":null,"suggestion_applicability":null,"expansion":null}],"children":[{"message":"the following other types implement trait `From<T>`:\n  `ValType` implements `From<i32>`\n  `ValType` implements `From<u32>`","code":null,"level":"help","spans":[],"children":[],"rendered":null},{"message":"required for `WasmEdge_ValType` to implement `Into<ValType>`","code":null,"level":"note","spans":[],"children":[],"rendered":null}],"rendered":"\u001b[1m\u001b[91merror[E0277]\u001b[0m\u001b[1m: the trait bound `ValType: From<WasmEdge_ValType>` is not satisfied\u001b[0m\n   \u001b[1m\u001b[94m--> \u001b[0m/home/tarun/.cargo/registry/src/index.crates.io-1949cf8c6b5b557f/wasmedge-sys-0.17.5/src/ast_module.rs:133:71\n    \u001b[1m\u001b[94m|\u001b[0m\n\u001b[1m\u001b[94m133\u001b[0m \u001b[1m\u001b[94m|\u001b[0m                         let args: Vec<ValType> = args.into_iter().map(Into::into).collect();\n    \u001b[1m\u001b[94m|\u001b[0m                                                                       \u001b[1m\u001b[91m^^^^^^^^^^\u001b[0m \u001b[1m\u001b[91mthe trait `From<WasmEdge_ValType>` is not implemented for `ValType`\u001b[0m\n    \u001b[1m\u001b[94m|\u001b[0m\n    \u001b[1m\u001b[94m= \u001b[0m\u001b[1mhelp\u001b[0m: the following other types implement trait `From<T>`:\n              `ValType` implements `From<i32>`\n              `ValType` implements `From<u32>`\n    \u001b[1m\u001b[94m= \u001b[0m\u001b[1mnote\u001b[0m: required for `WasmEdge_ValType` to implement `Into<ValType>`\n\n"}
{"$message_type":"diagnostic","message":"the trait bound `ValType: From<WasmEdge_ValType>` is not satisfied","code":{"code":"E0277","explanation":"You tried to use a type which doesn't implement some trait in a place which\nexpected that trait.\n\nErroneous code example:\n\n```compile_fail,E0277\n// here we declare the Foo trait with a bar method\ntrait Foo {\n    fn bar(&self);\n}\n\n// we now declare a function which takes an object implementing the Foo trait\nfn some_func<T: Foo>(foo: T) {\n    foo.bar();\n}\n\nfn main() {\n    // we now call the method with the i32 type, which doesn't implement\n    // the Foo trait\n    some_func(5i32); // error: the trait bound `i32 : Foo` is not satisfied\n}\n```\n\nIn order to fix this error, verify that the type you're using does implement\nthe trait. Example:\n\n```\ntrait Foo {\n    fn bar(&self);\n}\n\n// we implement the trait on the i32 type\nimpl Foo for i32 {\n    fn bar(&self) {}\n}\n\nfn some_func<T: Foo>(foo: T) {\n    foo.bar(); // we can now use this method since i32 implements the\n               // Foo trait\n}\n\nfn main() {\n    some_func(5i32); // ok!\n}\n```\n\nOr in a generic context, an erroneous code example would look like:\n\n```compile_fail,E0277\nfn some_func<T>(foo: T) {\n    println!(\"{:?}\", foo); // error: the trait `core::fmt::Debug` is not\n                           //        implemented for the type `T`\n}\n\nfn main() {\n    // We now call the method with the i32 type,\n    // which *does* implement the Debug trait.\n    some_func(5i32);\n}\n```\n\nNote that the error here is in the definition of the generic function. Although\nwe only call it with a parameter that does implement `Debug`, the compiler\nstill rejects the function. It must work with all possible input types. In\norder to make this example compile, we need to restrict the generic type we're\naccepting:\n\n```\nuse std::fmt;\n\n// Restrict the input type to types that implement Debug.\nfn some_func<T: fmt::Debug>(foo: T) {\n    println!(\"{:?}\", foo);\n}\n\nfn main() {\n    // Calling the method is still fine, as i32 implements Debug.\n    some_func(5i32);\n\n    // This would fail to compile now:\n    // struct WithoutDebug;\n    // some_func(WithoutDebug);\n}\n```\n\nRust only looks at the signature of the called function, as such it must\nalready specify all requirements that will be used for every type parameter.\n"},"level":"error","spans":[{"file_name":"/home/tarun/.cargo/registry/src/index.crates.io-1949cf8c6b5b557f/wasmedge-sys-0.17.5/src/ast_module.rs","byte_start":5745,"byte_end":5790,"line_start":148,"line_end":148,"column_start":53,"column_end":98,"is_primary":true,"text":[{"text":"                        let returns: Vec<ValType> = returns.into_iter().map(Into::into).collect();","highlight_start":53,"highlight_end":98}],"label":"the trait `From<WasmEdge_ValType>` is not implemented for `ValType`","suggested_replacement":null,"suggestion_applicability":null,"expansion":null}],"children":[{"message":"the following other types implement trait `From<T>`:\n  `ValType` implements `From<i32>`\n  `ValType` implements `From<u32>`","code":null,"level":"help","spans":[],"children":[],"rendered":null},{"message":"required for `WasmEdge_ValType` to implement `Into<ValType>`","code":null,"level":"note","spans":[],"children":[],"rendered":null}],"rendered":"\u001b[1m\u001b[91merror[E0277]\u001b[0m\u001b[1m: the trait bound `ValType: From<WasmEdge_ValType>` is not satisfied\u001b[0m\n   \u001b[1m\u001b[94m--> \u001b[0m/home/tarun/.cargo/registry/src/index.crates.io-1949cf8c6b5b557f/wasmedge-sys-0.17.5/src/ast_module.rs:148:53\n    \u001b[1m\u001b[94m|\u001b[0m\n\u001b[1m\u001b[94m148\u001b[0m \u001b[1m\u001b[94m|\u001b[0m                         let returns: Vec<ValType> = returns.into_iter().map(Into::into).collect();\n    \u001b[1m\u001b[94m|\u001b[0m                                                     \u001b[1m\u001b[91m^^^^^^^^^^^^^^^^^^^^^^^^^^^^^^^^^^^^^^^^^^^^^\u001b[0m \u001b[1m\u001b[91mthe trait `From<WasmEdge_ValType>` is not implemented for `ValType`\u001b[0m\n    \u001b[1m\u001b[94m|\u001b[0m\n    \u001b[1m\u001b[94m= \u001b[0m\u001b[1mhelp\u001b[0m: the following other types implement trait `From<T>`:\n              `ValType` implements `From<i32>`\n              `ValType` implements `From<u32>`\n    \u001b[1m\u001b[94m= \u001b[0m\u001b[1mnote\u001b[0m: required for `WasmEdge_ValType` to implement `Into<ValType>`\n\n"}
{"$message_type":"diagnostic","message":"the trait bound `ValType: From<WasmEdge_ValType>` is not satisfied","code":{"code":"E0277","explanation":"You tried to use a type which doesn't implement some trait in a place which\nexpected that trait.\n\nErroneous code example:\n\n```compile_fail,E0277\n// here we declare the Foo trait with a bar method\ntrait Foo {\n    fn bar(&self);\n}\n\n// we now declare a function which takes an object implementing the Foo trait\nfn some_func<T: Foo>(foo: T) {\n    foo.bar();\n}\n\nfn main() {\n    // we now call the method with the i32 type, which doesn't implement\n    // the Foo trait\n    some_func(5i32); // error: the trait bound `i32 : Foo` is not satisfied\n}\n```\n\nIn order to fix this error, verify that the type you're using does implement\nthe trait. Example:\n\n```\ntrait Foo {\n    fn bar(&self);\n}\n\n// we implement the trait on the i32 type\nimpl Foo for i32 {\n    fn bar(&self) {}\n}\n\nfn some_func<T: Foo>(foo: T) {\n    foo.bar(); // we can now use this method since i32 implements the\n               // Foo trait\n}\n\nfn main() {\n    some_func(5i32); // ok!\n}\n```\n\nOr in a generic context, an erroneous code example would look like:\n\n```compile_fail,E0277\nfn some_func<T>(foo: T) {\n    println!(\"{:?}\", foo); // error: the trait `core::fmt::Debug` is not\n                           //        implemented for the type `T`\n}\n\nfn main() {\n    // We now call the method with the i32 type,\n    // which *does* implement the Debug trait.\n    some_func(5i32);\n}\n```\n\nNote that the error here is in the definition of the generic function. Although\nwe only call it with a parameter that does implement `Debug`, the compiler\nstill rejects the function. It must work with all possible input types. In\norder to make this example compile, we need to restrict the generic type we're\naccepting:\n\n```\nuse std::fmt;\n\n// Restrict the input type to types that implement Debug.\nfn some_func<T: fmt::Debug>(foo: T) {\n    println!(\"{:?}\", foo);\n}\n\nfn main() {\n    // Calling the method is still fine, as i32 implements Debug.\n    some_func(5i32);\n\n    // This would fail to compile now:\n    // struct WithoutDebug;\n    // some_func(WithoutDebug);\n}\n```\n\nRust only looks at the signature of the called function, as such it must\nalready specify all requirements that will be used for every type parameter.\n"},"level":"error","spans":[{"file_name":"/home/tarun/.cargo/registry/src/index.crates.io-1949cf8c6b5b557f/wasmedge-sys-0.17.5/src/ast_module.rs","byte_start":5745,"byte_end":5780,"line_start":148,"line_end":148,"column_start":53,"column_end":88,"is_primary":true,"text":[{"text":"                        let returns: Vec<ValType> = returns.into_iter().map(Into::into).collect();","highlight_start":53,"highlight_end":88}],"label":"the trait `From<WasmEdge_ValType>` is not implemented for `ValType`","suggested_replacement":null,"suggestion_applicability":null,"expansion":null}],"children":[{"message":"the following other types implement trait `From<T>`:\n  `ValType` implements `From<i32>`\n  `ValType` implements `From<u32>`","code":null,"level":"help","spans":[],"children":[],"rendered":null},{"message":"required for `WasmEdge_ValType` to implement `Into<ValType>`","code":null,"level":"note","spans":[],"children":[],"rendered":null}],"rendered":"\u001b[1m\u001b[91merror[E0277]\u001b[0m\u001b[1m: the trait bound `ValType: From<WasmEdge_ValType>` is not satisfied\u001b[0m\n   \u001b[1m\u001b[94m--> \u001b[0m/home/tarun/.cargo/registry/src/index.crates.io-1949cf8c6b5b557f/wasmedge-sys-0.17.5/src/ast_module.rs:148:53\n    \u001b[1m\u001b[94m|\u001b[0m\n\u001b[1m\u001b[94m148\u001b[0m \u001b[1m\u001b[94m|\u001b[0m                         let returns: Vec<ValType> = returns.into_iter().map(Into::into).collect();\n    \u001b[1m\u001b[94m|\u001b[0m                                                     \u001b[1m\u001b[91m^^^^^^^^^^^^^^^^^^^^^^^^^^^^^^^^^^^\u001b[0m \u001b[1m\u001b[91mthe trait `From<WasmEdge_ValType>` is not implemented for `ValType`\u001b[0m\n    \u001b[1m\u001b[94m|\u001b[0m\n    \u001b[1m\u001b[94m= \u001b[0m\u001b[1mhelp\u001b[0m: the following other types implement trait `From<T>`:\n              `ValType` implements `From<i32>`\n              `ValType` implements `From<u32>`\n    \u001b[1m\u001b[94m= \u001b[0m\u001b[1mnote\u001b[0m: required for `WasmEdge_ValType` to implement `Into<ValType>`\n\n"}
{"$message_type":"diagnostic","message":"the trait bound `ValType: From<WasmEdge_ValType>` is not satisfied","code":{"code":"E0277","explanation":"You tried to use a type which doesn't implement some trait in a place which\nexpected that trait.\n\nErroneous code example:\n\n```compile_fail,E0277\n// here we declare the Foo trait with a bar method\ntrait Foo {\n    fn bar(&self);\n}\n\n// we now declare a function which takes an object implementing the Foo trait\nfn some_func<T: Foo>(foo: T) {\n    foo.bar();\n}\n\nfn main() {\n    // we now call the method with the i32 type, which doesn't implement\n    // the Foo trait\n    some_func(5i32); // error: the trait bound `i32 : Foo` is not satisfied\n}\n```\n\nIn order to fix this error, verify that the type you're using does implement\nthe trait. Example:\n\n```\ntrait Foo {\n    fn bar(&self);\n}\n\n// we implement the trait on the i32 type\nimpl Foo for i32 {\n    fn bar(&self) {}\n}\n\nfn some_func<T: Foo>(foo: T) {\n    foo.bar(); // we can now use this method since i32 implements the\n               // Foo trait\n}\n\nfn main() {\n    some_func(5i32); // ok!\n}\n```\n\nOr in a generic context, an erroneous code example would look like:\n\n```compile_fail,E0277\nfn some_func<T>(foo: T) {\n    println!(\"{:?}\", foo); // error: the trait `core::fmt::Debug` is not\n                           //        implemented for the type `T`\n}\n\nfn main() {\n    // We now call the method with the i32 type,\n    // which *does* implement the Debug trait.\n    some_func(5i32);\n}\n```\n\nNote that the error here is in the definition of the generic function. Although\nwe only call it with a parameter that does implement `Debug`, the compiler\nstill rejects the function. It must work with all possible input types. In\norder to make this example compile, we need to restrict the generic type we're\naccepting:\n\n```\nuse std::fmt;\n\n// Restrict the input type to types that implement Debug.\nfn some_func<T: fmt::Debug>(foo: T) {\n    println!(\"{:?}\", foo);\n}\n\nfn main() {\n    // Calling the method is still fine, as i32 implements Debug.\n    some_func(5i32);\n\n    // This would fail to compile now:\n    // struct WithoutDebug;\n    // some_func(WithoutDebug);\n}\n```\n\nRust only looks at the signature of the called function, as such it must\nalready specify all requirements that will be used for every type parameter.\n"},"level":"error","spans":[{"file_name":"/home/tarun/.cargo/registry/src/index.crates.io-1949cf8c6b5b557f/wasmedge-sys-0.17.5/src/ast_module.rs","byte_start":5769,"byte_end":5779,"line_start":148,"line_end":148,"column_start":77,"column_end":87,"is_primary":true,"text":[{"text":"                        let returns: Vec<ValType> = returns.into_iter().map(Into::into).collect();","highlight_start":77,"highlight_end":87}],"label":"the trait `From<WasmEdge_ValType>` is not implemented for `ValType`","suggested_replacement":null,"suggestion_applicability":null,"expansion":null}],"children":[{"message":"the following other types implement trait `From<T>`:\n  `ValType` implements `From<i32>`\n  `ValType` implements `From<u32>`","code":null,"level":"help","spans":[],"children":[],"rendered":null},{"message":"required for `WasmEdge_ValType` to implement `Into<ValType>`","code":null,"level":"note","spans":[],"children":[],"rendered":null}],"rendered":"\u001b[1m\u001b[91merror[E0277]\u001b[0m\u001b[1m: the trait bound `ValType: From<WasmEdge_ValType>` is not satisfied\u001b[0m\n   \u001b[1m\u001b[94m--> \u001b[0m/home/tarun/.cargo/registry/src/index.crates.io-1949cf8c6b5b557f/wasmedge-sys-0.17.5/src/ast_module.rs:148:77\n    \u001b[1m\u001b[94m|\u001b[0m\n\u001b[1m\u001b[94m148\u001b[0m \u001b[1m\u001b[94m|\u001b[0m                         let returns: Vec<ValType> = returns.into_iter().map(Into::into).collect();\n    \u001b[1m\u001b[94m|\u001b[0m                                                                             \u001b[1m\u001b[91m^^^^^^^^^^\u001b[0m \u001b[1m\u001b[91mthe trait `From<WasmEdge_ValType>` is not implemented for `ValType`\u001b[0m\n    \u001b[1m\u001b[94m|\u001b[0m\n    \u001b[1m\u001b[94m= \u001b[0m\u001b[1mhelp\u001b[0m: the following other types implement trait `From<T>`:\n              `ValType` implements `From<i32>`\n              `ValType` implements `From<u32>`\n    \u001b[1m\u001b[94m= \u001b[0m\u001b[1mnote\u001b[0m: required for `WasmEdge_ValType` to implement `Into<ValType>`\n\n"}
{"$message_type":"diagnostic","message":"the trait bound `ValType: From<WasmEdge_ValType>` is not satisfied","code":{"code":"E0277","explanation":"You tried to use a type which doesn't implement some trait in a place which\nexpected that trait.\n\nErroneous code example:\n\n```compile_fail,E0277\n// here we declare the Foo trait with a bar method\ntrait Foo {\n    fn bar(&self);\n}\n\n// we now declare a function which takes an object implementing the Foo trait\nfn some_func<T: Foo>(foo: T) {\n    foo.bar();\n}\n\nfn main() {\n    // we now call the method with the i32 type, which doesn't implement\n    // the Foo trait\n    some_func(5i32); // error: the trait bound `i32 : Foo` is not satisfied\n}\n```\n\nIn order to fix this error, verify that the type you're using does implement\nthe trait. Example:\n\n```\ntrait Foo {\n    fn bar(&self);\n}\n\n// we implement the trait on the i32 type\nimpl Foo for i32 {\n    fn bar(&self) {}\n}\n\nfn some_func<T: Foo>(foo: T) {\n    foo.bar(); // we can now use this method since i32 implements the\n               // Foo trait\n}\n\nfn main() {\n    some_func(5i32); // ok!\n}\n```\n\nOr in a generic context, an erroneous code example would look like:\n\n```compile_fail,E0277\nfn some_func<T>(foo: T) {\n    println!(\"{:?}\", foo); // error: the trait `core::fmt::Debug` is not\n                           //        implemented for the type `T`\n}\n\nfn main() {\n    // We now call the method with the i32 type,\n    // which *does* implement the Debug trait.\n    some_func(5i32);\n}\n```\n\nNote that the error here is in the definition of the generic function. Although\nwe only call it with a parameter that does implement `Debug`, the compiler\nstill rejects the function. It must work with all possible input types. In\norder to make this example compile, we need to restrict the generic type we're\naccepting:\n\n```\nuse std::fmt;\n\n// Restrict the input type to types that implement Debug.\nfn some_func<T: fmt::Debug>(foo: T) {\n    println!(\"{:?}\", foo);\n}\n\nfn main() {\n    // Calling the method is still fine, as i32 implements Debug.\n    some_func(5i32);\n\n    // This would fail to compile now:\n    // struct WithoutDebug;\n    // some_func(WithoutDebug);\n}\n```\n\nRust only looks at the signature of the called function, as such it must\nalready specify all requirements that will be used for every type parameter.\n"},"level":"error","spans":[{"file_name":"/home/tarun/.cargo/registry/src/index.crates.io-1949cf8c6b5b557f/wasmedge-sys-0.17.5/src/ast_module.rs","byte_start":6677,"byte_end":6681,"line_start":168,"line_end":168,"column_start":51,"column_end":55,"is_primary":true,"text":[{"text":"                        let val_ty: ValType = val.into();","highlight_start":51,"highlight_end":55}],"label":"the trait `From<WasmEdge_ValType>` is not implemented for `ValType`","suggested_replacement":null,"suggestion_applicability":null,"expansion":null}],"children":[{"message":"the following other types implement trait `From<T>`:\n  `ValType` implements `From<i32>`\n  `ValType` implements `From<u32>`","code":null,"level":"help","spans":[],"children":[],"rendered":null},{"message":"required for `WasmEdge_ValType` to implement `Into<ValType>`","code":null,"level":"note","spans":[],"children":[],"rendered":null}],"rendered":"\u001b[1m\u001b[91merror[E0277]\u001b[0m\u001b[1m: the trait bound `ValType: From<WasmEdge_ValType>` is not satisfied\u001b[0m\n   \u001b[1m\u001b[94m--> \u001b[0m/home/tarun/.cargo/registry/src/index.crates.io-1949cf8c6b5b557f/wasmedge-sys-0.17.5/src/ast_module.rs:168:51\n    \u001b[1m\u001b[94m|\u001b[0m\n\u001b[1m\u001b[94m168\u001b[0m \u001b[1m\u001b[94m|\u001b[0m                         let val_ty: ValType = val.into();\n    \u001b[1m\u001b[94m|\u001b[0m                                                   \u001b[1m\u001b[91m^^^^\u001b[0m \u001b[1m\u001b[91mthe trait `From<WasmEdge_ValType>` is not implemented for `ValType`\u001b[0m\n    \u001b[1m\u001b[94m|\u001b[0m\n    \u001b[1m\u001b[94m= \u001b[0m\u001b[1mhelp\u001b[0m: the following other types implement trait `From<T>`:\n              `ValType` implements `From<i32>`\n              `ValType` implements `From<u32>`\n    \u001b[1m\u001b[94m= \u001b[0m\u001b[1mnote\u001b[0m: required for `WasmEdge_ValType` to implement `Into<ValType>`\n\n"}
{"$message_type":"diagnostic","message":"the trait bound `RefType: From<WasmEdge_ValType>` is not satisfied","code":{"code":"E0277","explanation":"You tried to use a type which doesn't implement some trait in a place which\nexpected that trait.\n\nErroneous code example:\n\n```compile_fail,E0277\n// here we declare the Foo trait with a bar method\ntrait Foo {\n    fn bar(&self);\n}\n\n// we now declare a function which takes an object implementing the Foo trait\nfn some_func<T: Foo>(foo: T) {\n    foo.bar();\n}\n\nfn main() {\n    // we now call the method with the i32 type, which doesn't implement\n    // the Foo trait\n    some_func(5i32); // error: the trait bound `i32 : Foo` is not satisfied\n}\n```\n\nIn order to fix this error, verify that the type you're using does implement\nthe trait. Example:\n\n```\ntrait Foo {\n    fn bar(&self);\n}\n\n// we implement the trait on the i32 type\nimpl Foo for i32 {\n    fn bar(&self) {}\n}\n\nfn some_func<T: Foo>(foo: T) {\n    foo.bar(); // we can now use this method since i32 implements the\n               // Foo trait\n}\n\nfn main() {\n    some_func(5i32); // ok!\n}\n```\n\nOr in a generic context, an erroneous code example would look like:\n\n```compile_fail,E0277\nfn some_func<T>(foo: T) {\n    println!(\"{:?}\", foo); // error: the trait `core::fmt::Debug` is not\n                           //        implemented for the type `T`\n}\n\nfn main() {\n    // We now call the method with the i32 type,\n    // which *does* implement the Debug trait.\n    some_func(5i32);\n}\n```\n\nNote that the error here is in the definition of the generic function. Although\nwe only call it with a parameter that does implement `Debug`, the compiler\nstill rejects the function. It must work with all possible input types. In\norder to make this example compile, we need to restrict the generic type we're\naccepting:\n\n```\nuse std::fmt;\n\n// Restrict the input type to types that implement Debug.\nfn some_func<T: fmt::Debug>(foo: T) {\n    println!(\"{:?}\", foo);\n}\n\nfn main() {\n    // Calling the method is still fine, as i32 implements Debug.\n    some_func(5i32);\n\n    // This would fail to compile now:\n    // struct WithoutDebug;\n    // some_func(WithoutDebug);\n}\n```\n\nRust only looks at the signature of the called function, as such it must\nalready specify all requirements that will be used for every type parameter.\n"},"level":"error","spans":[{"file_name":"/home/tarun/.cargo/registry/src/index.crates.io-1949cf8c6b5b557f/wasmedge-sys-0.17.5/src/ast_module.rs","byte_start":8639,"byte_end":8643,"line_start":211,"line_end":211,"column_start":56,"column_end":60,"is_primary":true,"text":[{"text":"                        let elem_ty: RefType = elem_ty.into();","highlight_start":56,"highlight_end":60}],"label":"the trait `From<WasmEdge_ValType>` is not implemented for `RefType`","suggested_replacement":null,"suggestion_applicability":null,"expansion":null}],"children":[{"message":"the following other types implement trait `From<T>`:\n  `RefType` implements `From<i32>`\n  `RefType` implements `From<u32>`","code":null,"level":"help","spans":[],"children":[],"rendered":null},{"message":"required for `WasmEdge_ValType` to implement `Into<RefType>`","code":null,"level":"note","spans":[],"children":[],"rendered":null}],"rendered":"\u001b[1m\u001b[91merror[E0277]\u001b[0m\u001b[1m: the trait bound `RefType: From<WasmEdge_ValType>` is not satisfied\u001b[0m\n   \u001b[1m\u001b[94m--> \u001b[0m/home/tarun/.cargo/registry/src/index.crates.io-1949cf8c6b5b557f/wasmedge-sys-0.17.5/src/ast_module.rs:211:56\n    \u001b[1m\u001b[94m|\u001b[0m\n\u001b[1m\u001b[94m211\u001b[0m \u001b[1m\u001b[94m|\u001b[0m                         let elem_ty: RefType = elem_ty.into();\n    \u001b[1m\u001b[94m|\u001b[0m                                                        \u001b[1m\u001b[91m^^^^\u001b[0m \u001b[1m\u001b[91mthe trait `From<WasmEdge_ValType>` is not implemented for `RefType`\u001b[0m\n    \u001b[1m\u001b[94m|\u001b[0m\n    \u001b[1m\u001b[94m= \u001b[0m\u001b[1mhelp\u001b[0m: the following other types implement trait `From<T>`:\n              `RefType` implements `From<i32>`\n              `RefType` implements `From<u32>`\n    \u001b[1m\u001b[94m= \u001b[0m\u001b[1mnote\u001b[0m: required for `WasmEdge_ValType` to implement `Into<RefType>`\n\n"}
{"$message_type":"diagnostic","message":"the trait bound `ValType: From<WasmEdge_ValType>` is not satisfied","code":{"code":"E0277","explanation":"You tried to use a type which doesn't implement some trait in a place which\nexpected that trait.\n\nErroneous code example:\n\n```compile_fail,E0277\n// here we declare the Foo trait with a bar method\ntrait Foo {\n    fn bar(&self);\n}\n\n// we now declare a function which takes an object implementing the Foo trait\nfn some_func<T: Foo>(foo: T) {\n    foo.bar();\n}\n\nfn main() {\n    // we now call the method with the i32 type, which doesn't implement\n    // the Foo trait\n    some_func(5i32); // error: the trait bound `i32 : Foo` is not satisfied\n}\n```\n\nIn order to fix this error, verify that the type you're using does implement\nthe trait. Example:\n\n```\ntrait Foo {\n    fn bar(&self);\n}\n\n// we implement the trait on the i32 type\nimpl Foo for i32 {\n    fn bar(&self) {}\n}\n\nfn some_func<T: Foo>(foo: T) {\n    foo.bar(); // we can now use this method since i32 implements the\n               // Foo trait\n}\n\nfn main() {\n    some_func(5i32); // ok!\n}\n```\n\nOr in a generic context, an erroneous code example would look like:\n\n```compile_fail,E0277\nfn some_func<T>(foo: T) {\n    println!(\"{:?}\", foo); // error: the trait `core::fmt::Debug` is not\n                           //        implemented for the type `T`\n}\n\nfn main() {\n    // We now call the method with the i32 type,\n    // which *does* implement the Debug trait.\n    some_func(5i32);\n}\n```\n\nNote that the error here is in the definition of the generic function. Although\nwe only call it with a parameter that does implement `Debug`, the compiler\nstill rejects the function. It must work with all possible input types. In\norder to make this example compile, we need to restrict the generic type we're\naccepting:\n\n```\nuse std::fmt;\n\n// Restrict the input type to types that implement Debug.\nfn some_func<T: fmt::Debug>(foo: T) {\n    println!(\"{:?}\", foo);\n}\n\nfn main() {\n    // Calling the method is still fine, as i32 implements Debug.\n    some_func(5i32);\n\n    // This would fail to compile now:\n    // struct WithoutDebug;\n    // some_func(WithoutDebug);\n}\n```\n\nRust only looks at the signature of the called function, as such it must\nalready specify all requirements that will be used for every type parameter.\n"},"level":"error","spans":[{"file_name":"/home/tarun/.cargo/registry/src/index.crates.io-1949cf8c6b5b557f/wasmedge-sys-0.17.5/src/ast_module.rs","byte_start":12032,"byte_end":12074,"line_start":300,"line_end":300,"column_start":50,"column_end":92,"is_primary":true,"text":[{"text":"                        let args: Vec<ValType> = args.into_iter().map(Into::into).collect();","highlight_start":50,"highlight_end":92}],"label":"the trait `From<WasmEdge_ValType>` is not implemented for `ValType`","suggested_replacement":null,"suggestion_applicability":null,"expansion":null}],"children":[{"message":"the following other types implement trait `From<T>`:\n  `ValType` implements `From<i32>`\n  `ValType` implements `From<u32>`","code":null,"level":"help","spans":[],"children":[],"rendered":null},{"message":"required for `WasmEdge_ValType` to implement `Into<ValType>`","code":null,"level":"note","spans":[],"children":[],"rendered":null}],"rendered":"\u001b[1m\u001b[91merror[E0277]\u001b[0m\u001b[1m: the trait bound `ValType: From<WasmEdge_ValType>` is not satisfied\u001b[0m\n   \u001b[1m\u001b[94m--> \u001b[0m/home/tarun/.cargo/registry/src/index.crates.io-1949cf8c6b5b557f/wasmedge-sys-0.17.5/src/ast_module.rs:300:50\n    \u001b[1m\u001b[94m|\u001b[0m\n\u001b[1m\u001b[94m300\u001b[0m \u001b[1m\u001b[94m|\u001b[0m                         let args: Vec<ValType> = args.into_iter().map(Into::into).collect();\n    \u001b[1m\u001b[94m|\u001b[0m                                                  \u001b[1m\u001b[91m^^^^^^^^^^^^^^^^^^^^^^^^^^^^^^^^^^^^^^^^^^\u001b[0m \u001b[1m\u001b[91mthe trait `From<WasmEdge_ValType>` is not implemented for `ValType`\u001b[0m\n    \u001b[1m\u001b[94m|\u001b[0m\n    \u001b[1m\u001b[94m= \u001b[0m\u001b[1mhelp\u001b[0m: the following other types implement trait `From<T>`:\n              `ValType` implements `From<i32>`\n              `ValType` implements `From<u32>`\n    \u001b[1m\u001b[94m= \u001b[0m\u001b[1mnote\u001b[0m: required for `WasmEdge_ValType` to implement `Into<ValType>`\n\n"}
{"$message_type":"diagnostic","message":"the trait bound `ValType: From<WasmEdge_ValType>` is not satisfied","code":{"code":"E0277","explanation":"You tried to use a type which doesn't implement some trait in a place which\nexpected that trait.\n\nErroneous code example:\n\n```compile_fail,E0277\n// here we declare the Foo trait with a bar method\ntrait Foo {\n    fn bar(&self);\n}\n\n// we now declare a function which takes an object implementing the Foo trait\nfn some_func<T: Foo>(foo: T) {\n    foo.bar();\n}\n\nfn main() {\n    // we now call the method with the i32 type, which doesn't implement\n    // the Foo trait\n    some_func(5i32); // error: the trait bound `i32 : Foo` is not satisfied\n}\n```\n\nIn order to fix this error, verify that the type you're using does implement\nthe trait. Example:\n\n```\ntrait Foo {\n    fn bar(&self);\n}\n\n// we implement the trait on the i32 type\nimpl Foo for i32 {\n    fn bar(&self) {}\n}\n\nfn some_func<T: Foo>(foo: T) {\n    foo.bar(); // we can now use this method since i32 implements the\n               // Foo trait\n}\n\nfn main() {\n    some_func(5i32); // ok!\n}\n```\n\nOr in a generic context, an erroneous code example would look like:\n\n```compile_fail,E0277\nfn some_func<T>(foo: T) {\n    println!(\"{:?}\", foo); // error: the trait `core::fmt::Debug` is not\n                           //        implemented for the type `T`\n}\n\nfn main() {\n    // We now call the method with the i32 type,\n    // which *does* implement the Debug trait.\n    some_func(5i32);\n}\n```\n\nNote that the error here is in the definition of the generic function. Although\nwe only call it with a parameter that does implement `Debug`, the compiler\nstill rejects the function. It must work with all possible input types. In\norder to make this example compile, we need to restrict the generic type we're\naccepting:\n\n```\nuse std::fmt;\n\n// Restrict the input type to types that implement Debug.\nfn some_func<T: fmt::Debug>(foo: T) {\n    println!(\"{:?}\", foo);\n}\n\nfn main() {\n    // Calling the method is still fine, as i32 implements Debug.\n    some_func(5i32);\n\n    // This would fail to compile now:\n    // struct WithoutDebug;\n    // some_func(WithoutDebug);\n}\n```\n\nRust only looks at the signature of the called function, as such it must\nalready specify all requirements that will be used for every type parameter.\n"},"level":"error","spans":[{"file_name":"/home/tarun/.cargo/registry/src/index.crates.io-1949cf8c6b5b557f/wasmedge-sys-0.17.5/src/ast_module.rs","byte_start":12032,"byte_end":12064,"line_start":300,"line_end":300,"column_start":50,"column_end":82,"is_primary":true,"text":[{"text":"                        let args: Vec<ValType> = args.into_iter().map(Into::into).collect();","highlight_start":50,"highlight_end":82}],"label":"the trait `From<WasmEdge_ValType>` is not implemented for `ValType`","suggested_replacement":null,"suggestion_applicability":null,"expansion":null}],"children":[{"message":"the following other types implement trait `From<T>`:\n  `ValType` implements `From<i32>`\n  `ValType` implements `From<u32>`","code":null,"level":"help","spans":[],"children":[],"rendered":null},{"message":"required for `WasmEdge_ValType` to implement `Into<ValType>`","code":null,"level":"note","spans":[],"children":[],"rendered":null}],"rendered":"\u001b[1m\u001b[91merror[E0277]\u001b[0m\u001b[1m: the trait bound `ValType: From<WasmEdge_ValType>` is not satisfied\u001b[0m\n   \u001b[1m\u001b[94m--> \u001b[0m/home/tarun/.cargo/registry/src/index.crates.io-1949cf8c6b5b557f/wasmedge-sys-0.17.5/src/ast_module.rs:300:50\n    \u001b[1m\u001b[94m|\u001b[0m\n\u001b[1m\u001b[94m300\u001b[0m \u001b[1m\u001b[94m|\u001b[0m                         let args: Vec<ValType> = args.into_iter().map(Into::into).collect();\n    \u001b[1m\u001b[94m|\u001b[0m                                                  \u001b[1m\u001b[91m^^^^^^^^^^^^^^^^^^^^^^^^^^^^^^^^\u001b[0m \u001b[1m\u001b[91mthe trait `From<WasmEdge_ValType>` is not implemented for `ValType`\u001b[0m\n    \u001b[1m\u001b[94m|\u001b[0m\n    \u001b[1m\u001b[94m= \u001b[0m\u001b[1mhelp\u001b[0m: the following other types implement trait `From<T>`:\n              `ValType` implements `From<i32>`\n              `ValType` implements `From<u32>`\n    \u001b[1m\u001b[94m= \u001b[0m\u001b[1mnote\u001b[0m: required for `WasmEdge_ValType` to implement `Into<ValType>`\n\n"}
{"$message_type":"diagnostic","message":"the trait bound `ValType: From<WasmEdge_ValType>` is not satisfied","code":{"code":"E0277","explanation":"You tried to use a type which doesn't implement some trait in a place which\nexpected that trait.\n\nErroneous code example:\n\n```compile_fail,E0277\n// here we declare the Foo trait with a bar method\ntrait Foo {\n    fn bar(&self);\n}\n\n// we now declare a function which takes an object implementing the Foo trait\nfn some_func<T: Foo>(foo: T) {\n    foo.bar();\n}\n\nfn main() {\n    // we now call the method with the i32 type, which doesn't implement\n    // the Foo trait\n    some_func(5i32); // error: the trait bound `i32 : Foo` is not satisfied\n}\n```\n\nIn order to fix this error, verify that the type you're using does implement\nthe trait. Example:\n\n```\ntrait Foo {\n    fn bar(&self);\n}\n\n// we implement the trait on the i32 type\nimpl Foo for i32 {\n    fn bar(&self) {}\n}\n\nfn some_func<T: Foo>(foo: T) {\n    foo.bar(); // we can now use this method since i32 implements the\n               // Foo trait\n}\n\nfn main() {\n    some_func(5i32); // ok!\n}\n```\n\nOr in a generic context, an erroneous code example would look like:\n\n```compile_fail,E0277\nfn some_func<T>(foo: T) {\n    println!(\"{:?}\", foo); // error: the trait `core::fmt::Debug` is not\n                           //        implemented for the type `T`\n}\n\nfn main() {\n    // We now call the method with the i32 type,\n    // which *does* implement the Debug trait.\n    some_func(5i32);\n}\n```\n\nNote that the error here is in the definition of the generic function. Although\nwe only call it with a parameter that does implement `Debug`, the compiler\nstill rejects the function. It must work with all possible input types. In\norder to make this example compile, we need to restrict the generic type we're\naccepting:\n\n```\nuse std::fmt;\n\n// Restrict the input type to types that implement Debug.\nfn some_func<T: fmt::Debug>(foo: T) {\n    println!(\"{:?}\", foo);\n}\n\nfn main() {\n    // Calling the method is still fine, as i32 implements Debug.\n    some_func(5i32);\n\n    // This would fail to compile now:\n    // struct WithoutDebug;\n    // some_func(WithoutDebug);\n}\n```\n\nRust only looks at the signature of the called function, as such it must\nalready specify all requirements that will be used for every type parameter.\n"},"level":"error","spans":[{"file_name":"/home/tarun/.cargo/registry/src/index.crates.io-1949cf8c6b5b557f/wasmedge-sys-0.17.5/src/ast_module.rs","byte_start":12053,"byte_end":12063,"line_start":300,"line_end":300,"column_start":71,"column_end":81,"is_primary":true,"text":[{"text":"                        let args: Vec<ValType> = args.into_iter().map(Into::into).collect();","highlight_start":71,"highlight_end":81}],"label":"the trait `From<WasmEdge_ValType>` is not implemented for `ValType`","suggested_replacement":null,"suggestion_applicability":null,"expansion":null}],"children":[{"message":"the following other types implement trait `From<T>`:\n  `ValType` implements `From<i32>`\n  `ValType` implements `From<u32>`","code":null,"level":"help","spans":[],"children":[],"rendered":null},{"message":"required for `WasmEdge_ValType` to implement `Into<ValType>`","code":null,"level":"note","spans":[],"children":[],"rendered":null}],"rendered":"\u001b[1m\u001b[91merror[E0277]\u001b[0m\u001b[1m: the trait bound `ValType: From<WasmEdge_ValType>` is not satisfied\u001b[0m\n   \u001b[1m\u001b[94m--> \u001b[0m/home/tarun/.cargo/registry/src/index.crates.io-1949cf8c6b5b557f/wasmedge-sys-0.17.5/src/ast_module.rs:300:71\n    \u001b[1m\u001b[94m|\u001b[0m\n\u001b[1m\u001b[94m300\u001b[0m \u001b[1m\u001b[94m|\u001b[0m                         let args: Vec<ValType> = args.into_iter().map(Into::into).collect();\n    \u001b[1m\u001b[94m|\u001b[0m                                                                       \u001b[1m\u001b[91m^^^^^^^^^^\u001b[0m \u001b[1m\u001b[91mthe trait `From<WasmEdge_ValType>` is not implemented for `ValType`\u001b[0m\n    \u001b[1m\u001b[94m|\u001b[0m\n    \u001b[1m\u001b[94m= \u001b[0m\u001b[1mhelp\u001b[0m: the following other types implement trait `From<T>`:\n              `ValType` implements `From<i32>`\n              `ValType` implements `From<u32>`\n    \u001b[1m\u001b[94m= \u001b[0m\u001b[1mnote\u001b[0m: required for `WasmEdge_ValType` to implement `Into<ValType>`\n\n"}
{"$message_type":"diagnostic","message":"the trait bound `ValType: From<WasmEdge_ValType>` is not satisfied","code":{"code":"E0277","explanation":"You tried to use a type which doesn't implement some trait in a place which\nexpected that trait.\n\nErroneous code example:\n\n```compile_fail,E0277\n// here we declare the Foo trait with a bar method\ntrait Foo {\n    fn bar(&self);\n}\n\n// we now declare a function which takes an object implementing the Foo trait\nfn some_func<T: Foo>(foo: T) {\n    foo.bar();\n}\n\nfn main() {\n    // we now call the method with the i32 type, which doesn't implement\n    // the Foo trait\n    some_func(5i32); // error: the trait bound `i32 : Foo` is not satisfied\n}\n```\n\nIn order to fix this error, verify that the type you're using does implement\nthe trait. Example:\n\n```\ntrait Foo {\n    fn bar(&self);\n}\n\n// we implement the trait on the i32 type\nimpl Foo for i32 {\n    fn bar(&self) {}\n}\n\nfn some_func<T: Foo>(foo: T) {\n    foo.bar(); // we can now use this method since i32 implements the\n               // Foo trait\n}\n\nfn main() {\n    some_func(5i32); // ok!\n}\n```\n\nOr in a generic context, an erroneous code example would look like:\n\n```compile_fail,E0277\nfn some_func<T>(foo: T) {\n    println!(\"{:?}\", foo); // error: the trait `core::fmt::Debug` is not\n                           //        implemented for the type `T`\n}\n\nfn main() {\n    // We now call the method with the i32 type,\n    // which *does* implement the Debug trait.\n    some_func(5i32);\n}\n```\n\nNote that the error here is in the definition of the generic function. Although\nwe only call it with a parameter that does implement `Debug`, the compiler\nstill rejects the function. It must work with all possible input types. In\norder to make this example compile, we need to restrict the generic type we're\naccepting:\n\n```\nuse std::fmt;\n\n// Restrict the input type to types that implement Debug.\nfn some_func<T: fmt::Debug>(foo: T) {\n    println!(\"{:?}\", foo);\n}\n\nfn main() {\n    // Calling the method is still fine, as i32 implements Debug.\n    some_func(5i32);\n\n    // This would fail to compile now:\n    // struct WithoutDebug;\n    // some_func(WithoutDebug);\n}\n```\n\nRust only looks at the signature of the called function, as such it must\nalready specify all requirements that will be used for every type parameter.\n"},"level":"error","spans":[{"file_name":"/home/tarun/.cargo/registry/src/index.crates.io-1949cf8c6b5b557f/wasmedge-sys-0.17.5/src/ast_module.rs","byte_start":12792,"byte_end":12837,"line_start":315,"line_end":315,"column_start":53,"column_end":98,"is_primary":true,"text":[{"text":"                        let returns: Vec<ValType> = returns.into_iter().map(Into::into).collect();","highlight_start":53,"highlight_end":98}],"label":"the trait `From<WasmEdge_ValType>` is not implemented for `ValType`","suggested_replacement":null,"suggestion_applicability":null,"expansion":null}],"children":[{"message":"the following other types implement trait `From<T>`:\n  `ValType` implements `From<i32>`\n  `ValType` implements `From<u32>`","code":null,"level":"help","spans":[],"children":[],"rendered":null},{"message":"required for `WasmEdge_ValType` to implement `Into<ValType>`","code":null,"level":"note","spans":[],"children":[],"rendered":null}],"rendered":"\u001b[1m\u001b[91merror[E0277]\u001b[0m\u001b[1m: the trait bound `ValType: From<WasmEdge_ValType>` is not satisfied\u001b[0m\n   \u001b[1m\u001b[94m--> \u001b[0m/home/tarun/.cargo/registry/src/index.crates.io-1949cf8c6b5b557f/wasmedge-sys-0.17.5/src/ast_module.rs:315:53\n    \u001b[1m\u001b[94m|\u001b[0m\n\u001b[1m\u001b[94m315\u001b[0m \u001b[1m\u001b[94m|\u001b[0m                         let returns: Vec<ValType> = returns.into_iter().map(Into::into).collect();\n    \u001b[1m\u001b[94m|\u001b[0m                                                     \u001b[1m\u001b[91m^^^^^^^^^^^^^^^^^^^^^^^^^^^^^^^^^^^^^^^^^^^^^\u001b[0m \u001b[1m\u001b[91mthe trait `From<WasmEdge_ValType>` is not implemented for `ValType`\u001b[0m\n    \u001b[1m\u001b[94m|\u001b[0m\n    \u001b[1m\u001b[94m= \u001b[0m\u001b[1mhelp\u001b[0m: the following other types implement trait `From<T>`:\n              `ValType` implements `From<i32>`\n              `ValType` implements `From<u32>`\n    \u001b[1m\u001b[94m= \u001b[0m\u001b[1mnote\u001b[0m: required for `WasmEdge_ValType` to implement `Into<ValType>`\n\n"}
{"$message_type":"diagnostic","message":"the trait bound `ValType: From<WasmEdge_ValType>` is not satisfied","code":{"code":"E0277","explanation":"You tried to use a type which doesn't implement some trait in a place which\nexpected that trait.\n\nErroneous code example:\n\n```compile_fail,E0277\n// here we declare the Foo trait with a bar method\ntrait Foo {\n    fn bar(&self);\n}\n\n// we now declare a function which takes an object implementing the Foo trait\nfn some_func<T: Foo>(foo: T) {\n    foo.bar();\n}\n\nfn main() {\n    // we now call the method with the i32 type, which doesn't implement\n    // the Foo trait\n    some_func(5i32); // error: the trait bound `i32 : Foo` is not satisfied\n}\n```\n\nIn order to fix this error, verify that the type you're using does implement\nthe trait. Example:\n\n```\ntrait Foo {\n    fn bar(&self);\n}\n\n// we implement the trait on the i32 type\nimpl Foo for i32 {\n    fn bar(&self) {}\n}\n\nfn some_func<T: Foo>(foo: T) {\n    foo.bar(); // we can now use this method since i32 implements the\n               // Foo trait\n}\n\nfn main() {\n    some_func(5i32); // ok!\n}\n```\n\nOr in a generic context, an erroneous code example would look like:\n\n```compile_fail,E0277\nfn some_func<T>(foo: T) {\n    println!(\"{:?}\", foo); // error: the trait `core::fmt::Debug` is not\n                           //        implemented for the type `T`\n}\n\nfn main() {\n    // We now call the method with the i32 type,\n    // which *does* implement the Debug trait.\n    some_func(5i32);\n}\n```\n\nNote that the error here is in the definition of the generic function. Although\nwe only call it with a parameter that does implement `Debug`, the compiler\nstill rejects the function. It must work with all possible input types. In\norder to make this example compile, we need to restrict the generic type we're\naccepting:\n\n```\nuse std::fmt;\n\n// Restrict the input type to types that implement Debug.\nfn some_func<T: fmt::Debug>(foo: T) {\n    println!(\"{:?}\", foo);\n}\n\nfn main() {\n    // Calling the method is still fine, as i32 implements Debug.\n    some_func(5i32);\n\n    // This would fail to compile now:\n    // struct WithoutDebug;\n    // some_func(WithoutDebug);\n}\n```\n\nRust only looks at the signature of the called function, as such it must\nalready specify all requirements that will be used for every type parameter.\n"},"level":"error","spans":[{"file_name":"/home/tarun/.cargo/registry/src/index.crates.io-1949cf8c6b5b557f/wasmedge-sys-0.17.5/src/ast_module.rs","byte_start":12792,"byte_end":12827,"line_start":315,"line_end":315,"column_start":53,"column_end":88,"is_primary":true,"text":[{"text":"                        let returns: Vec<ValType> = returns.into_iter().map(Into::into).collect();","highlight_start":53,"highlight_end":88}],"label":"the trait `From<WasmEdge_ValType>` is not implemented for `ValType`","suggested_replacement":null,"suggestion_applicability":null,"expansion":null}],"children":[{"message":"the following other types implement trait `From<T>`:\n  `ValType` implements `From<i32>`\n  `ValType` implements `From<u32>`","code":null,"level":"help","spans":[],"children":[],"rendered":null},{"message":"required for `WasmEdge_ValType` to implement `Into<ValType>`","code":null,"level":"note","spans":[],"children":[],"rendered":null}],"rendered":"\u001b[1m\u001b[91merror[E0277]\u001b[0m\u001b[1m: the trait bound `ValType: From<WasmEdge_ValType>` is not satisfied\u001b[0m\n   \u001b[1m\u001b[94m--> \u001b[0m/home/tarun/.cargo/registry/src/index.crates.io-1949cf8c6b5b557f/wasmedge-sys-0.17.5/src/ast_module.rs:315:53\n    \u001b[1m\u001b[94m|\u001b[0m\n\u001b[1m\u001b[94m315\u001b[0m \u001b[1m\u001b[94m|\u001b[0m                         let returns: Vec<ValType> = returns.into_iter().map(Into::into).collect();\n    \u001b[1m\u001b[94m|\u001b[0m                                                     \u001b[1m\u001b[91m^^^^^^^^^^^^^^^^^^^^^^^^^^^^^^^^^^^\u001b[0m \u001b[1m\u001b[91mthe trait `From<WasmEdge_ValType>` is not implemented for `ValType`\u001b[0m\n    \u001b[1m\u001b[94m|\u001b[0m\n    \u001b[1m\u001b[94m= \u001b[0m\u001b[1mhelp\u001b[0m: the following other types implement trait `From<T>`:\n              `ValType` implements `From<i32>`\n              `ValType` implements `From<u32>`\n    \u001b[1m\u001b[94m= \u001b[0m\u001b[1mnote\u001b[0m: required for `WasmEdge_ValType` to implement `Into<ValType>`\n\n"}
{"$message_type":"diagnostic","message":"the trait bound `ValType: From<WasmEdge_ValType>` is not satisfied","code":{"code":"E0277","explanation":"You tried to use a type which doesn't implement some trait in a place which\nexpected that trait.\n\nErroneous code example:\n\n```compile_fail,E0277\n// here we declare the Foo trait with a bar method\ntrait Foo {\n    fn bar(&self);\n}\n\n// we now declare a function which takes an object implementing the Foo trait\nfn some_func<T: Foo>(foo: T) {\n    foo.bar();\n}\n\nfn main() {\n    // we now call the method with the i32 type, which doesn't implement\n    // the Foo trait\n    some_func(5i32); // error: the trait bound `i32 : Foo` is not satisfied\n}\n```\n\nIn order to fix this error, verify that the type you're using does implement\nthe trait. Example:\n\n```\ntrait Foo {\n    fn bar(&self);\n}\n\n// we implement the trait on the i32 type\nimpl Foo for i32 {\n    fn bar(&self) {}\n}\n\nfn some_func<T: Foo>(foo: T) {\n    foo.bar(); // we can now use this method since i32 implements the\n               // Foo trait\n}\n\nfn main() {\n    some_func(5i32); // ok!\n}\n```\n\nOr in a generic context, an erroneous code example would look like:\n\n```compile_fail,E0277\nfn some_func<T>(foo: T) {\n    println!(\"{:?}\", foo); // error: the trait `core::fmt::Debug` is not\n                           //        implemented for the type `T`\n}\n\nfn main() {\n    // We now call the method with the i32 type,\n    // which *does* implement the Debug trait.\n    some_func(5i32);\n}\n```\n\nNote that the error here is in the definition of the generic function. Although\nwe only call it with a parameter that does implement `Debug`, the compiler\nstill rejects the function. It must work with all possible input types. In\norder to make this example compile, we need to restrict the generic type we're\naccepting:\n\n```\nuse std::fmt;\n\n// Restrict the input type to types that implement Debug.\nfn some_func<T: fmt::Debug>(foo: T) {\n    println!(\"{:?}\", foo);\n}\n\nfn main() {\n    // Calling the method is still fine, as i32 implements Debug.\n    some_func(5i32);\n\n    // This would fail to compile now:\n    // struct WithoutDebug;\n    // some_func(WithoutDebug);\n}\n```\n\nRust only looks at the signature of the called function, as such it must\nalready specify all requirements that will be used for every type parameter.\n"},"level":"error","spans":[{"file_name":"/home/tarun/.cargo/registry/src/index.crates.io-1949cf8c6b5b557f/wasmedge-sys-0.17.5/src/ast_module.rs","byte_start":12816,"byte_end":12826,"line_start":315,"line_end":315,"column_start":77,"column_end":87,"is_primary":true,"text":[{"text":"                        let returns: Vec<ValType> = returns.into_iter().map(Into::into).collect();","highlight_start":77,"highlight_end":87}],"label":"the trait `From<WasmEdge_ValType>` is not implemented for `ValType`","suggested_replacement":null,"suggestion_applicability":null,"expansion":null}],"children":[{"message":"the following other types implement trait `From<T>`:\n  `ValType` implements `From<i32>`\n  `ValType` implements `From<u32>`","code":null,"level":"help","spans":[],"children":[],"rendered":null},{"message":"required for `WasmEdge_ValType` to implement `Into<ValType>`","code":null,"level":"note","spans":[],"children":[],"rendered":null}],"rendered":"\u001b[1m\u001b[91merror[E0277]\u001b[0m\u001b[1m: the trait bound `ValType: From<WasmEdge_ValType>` is not satisfied\u001b[0m\n   \u001b[1m\u001b[94m--> \u001b[0m/home/tarun/.cargo/registry/src/index.crates.io-1949cf8c6b5b557f/wasmedge-sys-0.17.5/src/ast_module.rs:315:77\n    \u001b[1m\u001b[94m|\u001b[0m\n\u001b[1m\u001b[94m315\u001b[0m \u001b[1m\u001b[94m|\u001b[0m                         let returns: Vec<ValType> = returns.into_iter().map(Into::into).collect();\n    \u001b[1m\u001b[94m|\u001b[0m                                                                             \u001b[1m\u001b[91m^^^^^^^^^^\u001b[0m \u001b[1m\u001b[91mthe trait `From<WasmEdge_ValType>` is not implemented for `ValType`\u001b[0m\n    \u001b[1m\u001b[94m|\u001b[0m\n    \u001b[1m\u001b[94m= \u001b[0m\u001b[1mhelp\u001b[0m: the following other types implement trait `From<T>`:\n              `ValType` implements `From<i32>`\n              `ValType` implements `From<u32>`\n    \u001b[1m\u001b[94m= \u001b[0m\u001b[1mnote\u001b[0m: required for `WasmEdge_ValType` to implement `Into<ValType>`\n\n"}
{"$message_type":"diagnostic","message":"the trait bound `RefType: From<WasmEdge_ValType>` is not satisfied","code":{"code":"E0277","explanation":"You tried to use a type which doesn't implement some trait in a place which\nexpected that trait.\n\nErroneous code example:\n\n```compile_fail,E0277\n// here we declare the Foo trait with a bar method\ntrait Foo {\n    fn bar(&self);\n}\n\n// we now declare a function which takes an object implementing the Foo trait\nfn some_func<T: Foo>(foo: T) {\n    foo.bar();\n}\n\nfn main() {\n    // we now call the method with the i32 type, which doesn't implement\n    // the Foo trait\n    some_func(5i32); // error: the trait bound `i32 : Foo` is not satisfied\n}\n```\n\nIn order to fix this error, verify that the type you're using does implement\nthe trait. Example:\n\n```\ntrait Foo {\n    fn bar(&self);\n}\n\n// we implement the trait on the i32 type\nimpl Foo for i32 {\n    fn bar(&self) {}\n}\n\nfn some_func<T: Foo>(foo: T) {\n    foo.bar(); // we can now use this method since i32 implements the\n               // Foo trait\n}\n\nfn main() {\n    some_func(5i32); // ok!\n}\n```\n\nOr in a generic context, an erroneous code example would look like:\n\n```compile_fail,E0277\nfn some_func<T>(foo: T) {\n    println!(\"{:?}\", foo); // error: the trait `core::fmt::Debug` is not\n                           //        implemented for the type `T`\n}\n\nfn main() {\n    // We now call the method with the i32 type,\n    // which *does* implement the Debug trait.\n    some_func(5i32);\n}\n```\n\nNote that the error here is in the definition of the generic function. Although\nwe only call it with a parameter that does implement `Debug`, the compiler\nstill rejects the function. It must work with all possible input types. In\norder to make this example compile, we need to restrict the generic type we're\naccepting:\n\n```\nuse std::fmt;\n\n// Restrict the input type to types that implement Debug.\nfn some_func<T: fmt::Debug>(foo: T) {\n    println!(\"{:?}\", foo);\n}\n\nfn main() {\n    // Calling the method is still fine, as i32 implements Debug.\n    some_func(5i32);\n\n    // This would fail to compile now:\n    // struct WithoutDebug;\n    // some_func(WithoutDebug);\n}\n```\n\nRust only looks at the signature of the called function, as such it must\nalready specify all requirements that will be used for every type parameter.\n"},"level":"error","spans":[{"file_name":"/home/tarun/.cargo/registry/src/index.crates.io-1949cf8c6b5b557f/wasmedge-sys-0.17.5/src/ast_module.rs","byte_start":13727,"byte_end":13731,"line_start":335,"line_end":335,"column_start":56,"column_end":60,"is_primary":true,"text":[{"text":"                        let elem_ty: RefType = elem_ty.into();","highlight_start":56,"highlight_end":60}],"label":"the trait `From<WasmEdge_ValType>` is not implemented for `RefType`","suggested_replacement":null,"suggestion_applicability":null,"expansion":null}],"children":[{"message":"the following other types implement trait `From<T>`:\n  `RefType` implements `From<i32>`\n  `RefType` implements `From<u32>`","code":null,"level":"help","spans":[],"children":[],"rendered":null},{"message":"required for `WasmEdge_ValType` to implement `Into<RefType>`","code":null,"level":"note","spans":[],"children":[],"rendered":null}],"rendered":"\u001b[1m\u001b[91merror[E0277]\u001b[0m\u001b[1m: the trait bound `RefType: From<WasmEdge_ValType>` is not satisfied\u001b[0m\n   \u001b[1m\u001b[94m--> \u001b[0m/home/tarun/.cargo/registry/src/index.crates.io-1949cf8c6b5b557f/wasmedge-sys-0.17.5/src/ast_module.rs:335:56\n    \u001b[1m\u001b[94m|\u001b[0m\n\u001b[1m\u001b[94m335\u001b[0m \u001b[1m\u001b[94m|\u001b[0m                         let elem_ty: RefType = elem_ty.into();\n    \u001b[1m\u001b[94m|\u001b[0m                                                        \u001b[1m\u001b[91m^^^^\u001b[0m \u001b[1m\u001b[91mthe trait `From<WasmEdge_ValType>` is not implemented for `RefType`\u001b[0m\n    \u001b[1m\u001b[94m|\u001b[0m\n    \u001b[1m\u001b[94m= \u001b[0m\u001b[1mhelp\u001b[0m: the following other types implement trait `From<T>`:\n              `RefType` implements `From<i32>`\n              `RefType` implements `From<u32>`\n    \u001b[1m\u001b[94m= \u001b[0m\u001b[1mnote\u001b[0m: required for `WasmEdge_ValType` to implement `Into<RefType>`\n\n"}
{"$message_type":"diagnostic","message":"the trait bound `ValType: From<WasmEdge_ValType>` is not satisfied","code":{"code":"E0277","explanation":"You tried to use a type which doesn't implement some trait in a place which\nexpected that trait.\n\nErroneous code example:\n\n```compile_fail,E0277\n// here we declare the Foo trait with a bar method\ntrait Foo {\n    fn bar(&self);\n}\n\n// we now declare a function which takes an object implementing the Foo trait\nfn some_func<T: Foo>(foo: T) {\n    foo.bar();\n}\n\nfn main() {\n    // we now call the method with the i32 type, which doesn't implement\n    // the Foo trait\n    some_func(5i32); // error: the trait bound `i32 : Foo` is not satisfied\n}\n```\n\nIn order to fix this error, verify that the type you're using does implement\nthe trait. Example:\n\n```\ntrait Foo {\n    fn bar(&self);\n}\n\n// we implement the trait on the i32 type\nimpl Foo for i32 {\n    fn bar(&self) {}\n}\n\nfn some_func<T: Foo>(foo: T) {\n    foo.bar(); // we can now use this method since i32 implements the\n               // Foo trait\n}\n\nfn main() {\n    some_func(5i32); // ok!\n}\n```\n\nOr in a generic context, an erroneous code example would look like:\n\n```compile_fail,E0277\nfn some_func<T>(foo: T) {\n    println!(\"{:?}\", foo); // error: the trait `core::fmt::Debug` is not\n                           //        implemented for the type `T`\n}\n\nfn main() {\n    // We now call the method with the i32 type,\n    // which *does* implement the Debug trait.\n    some_func(5i32);\n}\n```\n\nNote that the error here is in the definition of the generic function. Although\nwe only call it with a parameter that does implement `Debug`, the compiler\nstill rejects the function. It must work with all possible input types. In\norder to make this example compile, we need to restrict the generic type we're\naccepting:\n\n```\nuse std::fmt;\n\n// Restrict the input type to types that implement Debug.\nfn some_func<T: fmt::Debug>(foo: T) {\n    println!(\"{:?}\", foo);\n}\n\nfn main() {\n    // Calling the method is still fine, as i32 implements Debug.\n    some_func(5i32);\n\n    // This would fail to compile now:\n    // struct WithoutDebug;\n    // some_func(WithoutDebug);\n}\n```\n\nRust only looks at the signature of the called function, as such it must\nalready specify all requirements that will be used for every type parameter.\n"},"level":"error","spans":[{"file_name":"/home/tarun/.cargo/registry/src/index.crates.io-1949cf8c6b5b557f/wasmedge-sys-0.17.5/src/ast_module.rs","byte_start":15757,"byte_end":15761,"line_start":380,"line_end":380,"column_start":51,"column_end":55,"is_primary":true,"text":[{"text":"                        let val_ty: ValType = val.into();","highlight_start":51,"highlight_end":55}],"label":"the trait `From<WasmEdge_ValType>` is not implemented for `ValType`","suggested_replacement":null,"suggestion_applicability":null,"expansion":null}],"children":[{"message":"the following other types implement trait `From<T>`:\n  `ValType` implements `From<i32>`\n  `ValType` implements `From<u32>`","code":null,"level":"help","spans":[],"children":[],"rendered":null},{"message":"required for `WasmEdge_ValType` to implement `Into<ValType>`","code":null,"level":"note","spans":[],"children":[],"rendered":null}],"rendered":"\u001b[1m\u001b[91merror[E0277]\u001b[0m\u001b[1m: the trait bound `ValType: From<WasmEdge_ValType>` is not satisfied\u001b[0m\n   \u001b[1m\u001b[94m--> \u001b[0m/home/tarun/.cargo/registry/src/index.crates.io-1949cf8c6b5b557f/wasmedge-sys-0.17.5/src/ast_module.rs:380:51\n    \u001b[1m\u001b[94m|\u001b[0m\n\u001b[1m\u001b[94m380\u001b[0m \u001b[1m\u001b[94m|\u001b[0m                         let val_ty: ValType = val.into();\n    \u001b[1m\u001b[94m|\u001b[0m                                                   \u001b[1m\u001b[91m^^^^\u001b[0m \u001b[1m\u001b[91mthe trait `From<WasmEdge_ValType>` is not implemented for `ValType`\u001b[0m\n    \u001b[1m\u001b[94m|\u001b[0m\n    \u001b[1m\u001b[94m= \u001b[0m\u001b[1mhelp\u001b[0m: the following other types implement trait `From<T>`:\n              `ValType` implements `From<i32>`\n              `ValType` implements `From<u32>`\n    \u001b[1m\u001b[94m= \u001b[0m\u001b[1mnote\u001b[0m: required for `WasmEdge_ValType` to implement `Into<ValType>`\n\n"}
{"$message_type":"diagnostic","message":"the trait bound `WasmEdge_ValType: From<ValType>` is not satisfied","code":{"code":"E0277","explanation":"You tried to use a type which doesn't implement some trait in a place which\nexpected that trait.\n\nErroneous code example:\n\n```compile_fail,E0277\n// here we declare the Foo trait with a bar method\ntrait Foo {\n    fn bar(&self);\n}\n\n// we now declare a function which takes an object implementing the Foo trait\nfn some_func<T: Foo>(foo: T) {\n    foo.bar();\n}\n\nfn main() {\n    // we now call the method with the i32 type, which doesn't implement\n    // the Foo trait\n    some_func(5i32); // error: the trait bound `i32 : Foo` is not satisfied\n}\n```\n\nIn order to fix this error, verify that the type you're using does implement\nthe trait. Example:\n\n```\ntrait Foo {\n    fn bar(&self);\n}\n\n// we implement the trait on the i32 type\nimpl Foo for i32 {\n    fn bar(&self) {}\n}\n\nfn some_func<T: Foo>(foo: T) {\n    foo.bar(); // we can now use this method since i32 implements the\n               // Foo trait\n}\n\nfn main() {\n    some_func(5i32); // ok!\n}\n```\n\nOr in a generic context, an erroneous code example would look like:\n\n```compile_fail,E0277\nfn some_func<T>(foo: T) {\n    println!(\"{:?}\", foo); // error: the trait `core::fmt::Debug` is not\n                           //        implemented for the type `T`\n}\n\nfn main() {\n    // We now call the method with the i32 type,\n    // which *does* implement the Debug trait.\n    some_func(5i32);\n}\n```\n\nNote that the error here is in the definition of the generic function. Although\nwe only call it with a parameter that does implement `Debug`, the compiler\nstill rejects the function. It must work with all possible input types. In\norder to make this example compile, we need to restrict the generic type we're\naccepting:\n\n```\nuse std::fmt;\n\n// Restrict the input type to types that implement Debug.\nfn some_func<T: fmt::Debug>(foo: T) {\n    println!(\"{:?}\", foo);\n}\n\nfn main() {\n    // Calling the method is still fine, as i32 implements Debug.\n    some_func(5i32);\n\n    // This would fail to compile now:\n    // struct WithoutDebug;\n    // some_func(WithoutDebug);\n}\n```\n\nRust only looks at the signature of the called function, as such it must\nalready specify all requirements that will be used for every type parameter.\n"},"level":"error","spans":[{"file_name":"/home/tarun/.cargo/registry/src/index.crates.io-1949cf8c6b5b557f/wasmedge-sys-0.17.5/src/instance/function.rs","byte_start":20879,"byte_end":20883,"line_start":592,"line_end":592,"column_start":24,"column_end":28,"is_primary":true,"text":[{"text":"            .map(|x| x.into())","highlight_start":24,"highlight_end":28}],"label":"unsatisfied trait bound","suggested_replacement":null,"suggestion_applicability":null,"expansion":null}],"children":[{"message":"the trait `From<ValType>` is not implemented for `WasmEdge_ValType`","code":null,"level":"help","spans":[{"file_name":"/media/tarun/Tarun/code/lfx/wasmedge-dependency-tree/target/debug/build/wasmedge-sys-dda912cd73149ca4/out/wasmedge.rs","byte_start":49711,"byte_end":49738,"line_start":1351,"line_end":1351,"column_start":1,"column_end":28,"is_primary":true,"text":[{"text":"pub struct WasmEdge_ValType {","highlight_start":1,"highlight_end":28}],"label":null,"suggested_replacement":null,"suggestion_applicability":null,"expansion":null}],"children":[],"rendered":null},{"message":"required for `ValType` to implement `Into<WasmEdge_ValType>`","code":null,"level":"note","spans":[],"children":[],"rendered":null}],"rendered":"\u001b[1m\u001b[91merror[E0277]\u001b[0m\u001b[1m: the trait bound `WasmEdge_ValType: From<ValType>` is not satisfied\u001b[0m\n    \u001b[1m\u001b[94m--> \u001b[0m/home/tarun/.cargo/registry/src/index.crates.io-1949cf8c6b5b557f/wasmedge-sys-0.17.5/src/instance/function.rs:592:24\n     \u001b[1m\u001b[94m|\u001b[0m\n \u001b[1m\u001b[94m592\u001b[0m \u001b[1m\u001b[94m|\u001b[0m             .map(|x| x.into())\n     \u001b[1m\u001b[94m|\u001b[0m                        \u001b[1m\u001b[91m^^^^\u001b[0m \u001b[1m\u001b[91munsatisfied trait bound\u001b[0m\n     \u001b[1m\u001b[94m|\u001b[0m\n\u001b[1m\u001b[96mhelp\u001b[0m: the trait `From<ValType>` is not implemented for `WasmEdge_ValType`\n    \u001b[1m\u001b[94m--> \u001b[0m/media/tarun/Tarun/code/lfx/wasmedge-dependency-tree/target/debug/build/wasmedge-sys-dda912cd73149ca4/out/wasmedge.rs:1351:1\n     \u001b[1m\u001b[94m|\u001b[0m\n\u001b[1m\u001b[94m1351\u001b[0m \u001b[1m\u001b[94m|\u001b[0m pub struct WasmEdge_ValType {\n     \u001b[1m\u001b[94m|\u001b[0m \u001b[1m\u001b[96m^^^^^^^^^^^^^^^^^^^^^^^^^^^\u001b[0m\n     \u001b[1m\u001b[94m= \u001b[0m\u001b[1mnote\u001b[0m: required for `ValType` to implement `Into<WasmEdge_ValType>`\n\n"}
{"$message_type":"diagnostic","message":"the trait bound `WasmEdge_ValType: From<ValType>` is not satisfied","code":{"code":"E0277","explanation":"You tried to use a type which doesn't implement some trait in a place which\nexpected that trait.\n\nErroneous code example:\n\n```compile_fail,E0277\n// here we declare the Foo trait with a bar method\ntrait Foo {\n    fn bar(&self);\n}\n\n// we now declare a function which takes an object implementing the Foo trait\nfn some_func<T: Foo>(foo: T) {\n    foo.bar();\n}\n\nfn main() {\n    // we now call the method with the i32 type, which doesn't implement\n    // the Foo trait\n    some_func(5i32); // error: the trait bound `i32 : Foo` is not satisfied\n}\n```\n\nIn order to fix this error, verify that the type you're using does implement\nthe trait. Example:\n\n```\ntrait Foo {\n    fn bar(&self);\n}\n\n// we implement the trait on the i32 type\nimpl Foo for i32 {\n    fn bar(&self) {}\n}\n\nfn some_func<T: Foo>(foo: T) {\n    foo.bar(); // we can now use this method since i32 implements the\n               // Foo trait\n}\n\nfn main() {\n    some_func(5i32); // ok!\n}\n```\n\nOr in a generic context, an erroneous code example would look like:\n\n```compile_fail,E0277\nfn some_func<T>(foo: T) {\n    println!(\"{:?}\", foo); // error: the trait `core::fmt::Debug` is not\n                           //        implemented for the type `T`\n}\n\nfn main() {\n    // We now call the method with the i32 type,\n    // which *does* implement the Debug trait.\n    some_func(5i32);\n}\n```\n\nNote that the error here is in the definition of the generic function. Although\nwe only call it with a parameter that does implement `Debug`, the compiler\nstill rejects the function. It must work with all possible input types. In\norder to make this example compile, we need to restrict the generic type we're\naccepting:\n\n```\nuse std::fmt;\n\n// Restrict the input type to types that implement Debug.\nfn some_func<T: fmt::Debug>(foo: T) {\n    println!(\"{:?}\", foo);\n}\n\nfn main() {\n    // Calling the method is still fine, as i32 implements Debug.\n    some_func(5i32);\n\n    // This would fail to compile now:\n    // struct WithoutDebug;\n    // some_func(WithoutDebug);\n}\n```\n\nRust only looks at the signature of the called function, as such it must\nalready specify all requirements that will be used for every type parameter.\n"},"level":"error","spans":[{"file_name":"/home/tarun/.cargo/registry/src/index.crates.io-1949cf8c6b5b557f/wasmedge-sys-0.17.5/src/instance/function.rs","byte_start":21019,"byte_end":21023,"line_start":596,"line_end":596,"column_start":24,"column_end":28,"is_primary":true,"text":[{"text":"            .map(|x| x.into())","highlight_start":24,"highlight_end":28}],"label":"unsatisfied trait bound","suggested_replacement":null,"suggestion_applicability":null,"expansion":null}],"children":[{"message":"the trait `From<ValType>` is not implemented for `WasmEdge_ValType`","code":null,"level":"help","spans":[{"file_name":"/media/tarun/Tarun/code/lfx/wasmedge-dependency-tree/target/debug/build/wasmedge-sys-dda912cd73149ca4/out/wasmedge.rs","byte_start":49711,"byte_end":49738,"line_start":1351,"line_end":1351,"column_start":1,"column_end":28,"is_primary":true,"text":[{"text":"pub struct WasmEdge_ValType {","highlight_start":1,"highlight_end":28}],"label":null,"suggested_replacement":null,"suggestion_applicability":null,"expansion":null}],"children":[],"rendered":null},{"message":"required for `ValType` to implement `Into<WasmEdge_ValType>`","code":null,"level":"note","spans":[],"children":[],"rendered":null}],"rendered":"\u001b[1m\u001b[91merror[E0277]\u001b[0m\u001b[1m: the trait bound `WasmEdge_ValType: From<ValType>` is not satisfied\u001b[0m\n    \u001b[1m\u001b[94m--> \u001b[0m/home/tarun/.cargo/registry/src/index.crates.io-1949cf8c6b5b557f/wasmedge-sys-0.17.5/src/instance/function.rs:596:24\n     \u001b[1m\u001b[94m|\u001b[0m\n \u001b[1m\u001b[94m596\u001b[0m \u001b[1m\u001b[94m|\u001b[0m             .map(|x| x.into())\n     \u001b[1m\u001b[94m|\u001b[0m                        \u001b[1m\u001b[91m^^^^\u001b[0m \u001b[1m\u001b[91munsatisfied trait bound\u001b[0m\n     \u001b[1m\u001b[94m|\u001b[0m\n\u001b[1m\u001b[96mhelp\u001b[0m: the trait `From<ValType>` is not implemented for `WasmEdge_ValType`\n    \u001b[1m\u001b[94m--> \u001b[0m/media/tarun/Tarun/code/lfx/wasmedge-dependency-tree/target/debug/build/wasmedge-sys-dda912cd73149ca4/out/wasmedge.rs:1351:1\n     \u001b[1m\u001b[94m|\u001b[0m\n\u001b[1m\u001b[94m1351\u001b[0m \u001b[1m\u001b[94m|\u001b[0m pub struct WasmEdge_ValType {\n     \u001b[1m\u001b[94m|\u001b[0m \u001b[1m\u001b[96m^^^^^^^^^^^^^^^^^^^^^^^^^^^\u001b[0m\n     \u001b[1m\u001b[94m= \u001b[0m\u001b[1mnote\u001b[0m: required for `ValType` to implement `Into<WasmEdge_ValType>`\n\n"}
{"$message_type":"diagnostic","message":"mismatched types","code":{"code":"E0308","explanation":"Expected type did not match the received type.\n\nErroneous code examples:\n\n```compile_fail,E0308\nfn plus_one(x: i32) -> i32 {\n    x + 1\n}\n\nplus_one(\"Not a number\");\n//       ^^^^^^^^^^^^^^ expected `i32`, found `&str`\n\nif \"Not a bool\" {\n// ^^^^^^^^^^^^ expected `bool`, found `&str`\n}\n\nlet x: f32 = \"Not a float\";\n//     ---   ^^^^^^^^^^^^^ expected `f32`, found `&str`\n//     |\n//     expected due to this\n```\n\nThis error occurs when an expression was used in a place where the compiler\nexpected an expression of a different type. It can occur in several cases, the\nmost common being when calling a function and passing an argument which has a\ndifferent type than the matching type in the function declaration.\n"},"level":"error","spans":[{"file_name":"/home/tarun/.cargo/registry/src/index.crates.io-1949cf8c6b5b557f/wasmedge-sys-0.17.5/src/instance/global.rs","byte_start":4048,"byte_end":4119,"line_start":102,"line_end":102,"column_start":18,"column_end":89,"is_primary":true,"text":[{"text":"        unsafe { ffi::WasmEdge_GlobalInstanceSetValue(self.inner.lock().0, val.as_raw()) }","highlight_start":18,"highlight_end":89}],"label":"expected `()`, found `WasmEdge_Result`","suggested_replacement":null,"suggestion_applicability":null,"expansion":null}],"children":[{"message":"consider using a semicolon here","code":null,"level":"help","spans":[{"file_name":"/home/tarun/.cargo/registry/src/index.crates.io-1949cf8c6b5b557f/wasmedge-sys-0.17.5/src/instance/global.rs","byte_start":4119,"byte_end":4119,"line_start":102,"line_end":102,"column_start":89,"column_end":89,"is_primary":true,"text":[{"text":"        unsafe { ffi::WasmEdge_GlobalInstanceSetValue(self.inner.lock().0, val.as_raw()) }","highlight_start":89,"highlight_end":89}],"label":null,"suggested_replacement":";","suggestion_applicability":"MachineApplicable","expansion":null}],"children":[],"rendered":null}],"rendered":"\u001b[1m\u001b[91merror[E0308]\u001b[0m\u001b[1m: mismatched types\u001b[0m\n   \u001b[1m\u001b[94m--> \u001b[0m/home/tarun/.cargo/registry/src/index.crates.io-1949cf8c6b5b557f/wasmedge-sys-0.17.5/src/instance/global.rs:102:18\n    \u001b[1m\u001b[94m|\u001b[0m\n\u001b[1m\u001b[94m102\u001b[0m \u001b[1m\u001b[94m|\u001b[0m         unsafe { ffi::WasmEdge_GlobalInstanceSetValue(self.inner.lock().0, val.as_raw()) }\n    \u001b[1m\u001b[94m|\u001b[0m                  \u001b[1m\u001b[91m^^^^^^^^^^^^^^^^^^^^^^^^^^^^^^^^^^^^^^^^^^^^^^^^^^^^^^^^^^^^^^^^^^^^^^^\u001b[0m\u001b[1m\u001b[94m-\u001b[0m \u001b[1m\u001b[94mhelp: consider using a semicolon here: `;`\u001b[0m\n    \u001b[1m\u001b[94m|\u001b[0m                  \u001b[1m\u001b[91m|\u001b[0m\n    \u001b[1m\u001b[94m|\u001b[0m                  \u001b[1m\u001b[91mexpected `()`, found `WasmEdge_Result`\u001b[0m\n\n"}
{"$message_type":"diagnostic","message":"the trait bound `WasmEdge_ValType: From<ValType>` is not satisfied","code":{"code":"E0277","explanation":"You tried to use a type which doesn't implement some trait in a place which\nexpected that trait.\n\nErroneous code example:\n\n```compile_fail,E0277\n// here we declare the Foo trait with a bar method\ntrait Foo {\n    fn bar(&self);\n}\n\n// we now declare a function which takes an object implementing the Foo trait\nfn some_func<T: Foo>(foo: T) {\n    foo.bar();\n}\n\nfn main() {\n    // we now call the method with the i32 type, which doesn't implement\n    // the Foo trait\n    some_func(5i32); // error: the trait bound `i32 : Foo` is not satisfied\n}\n```\n\nIn order to fix this error, verify that the type you're using does implement\nthe trait. Example:\n\n```\ntrait Foo {\n    fn bar(&self);\n}\n\n// we implement the trait on the i32 type\nimpl Foo for i32 {\n    fn bar(&self) {}\n}\n\nfn some_func<T: Foo>(foo: T) {\n    foo.bar(); // we can now use this method since i32 implements the\n               // Foo trait\n}\n\nfn main() {\n    some_func(5i32); // ok!\n}\n```\n\nOr in a generic context, an erroneous code example would look like:\n\n```compile_fail,E0277\nfn some_func<T>(foo: T) {\n    println!(\"{:?}\", foo); // error: the trait `core::fmt::Debug` is not\n                           //        implemented for the type `T`\n}\n\nfn main() {\n    // We now call the method with the i32 type,\n    // which *does* implement the Debug trait.\n    some_func(5i32);\n}\n```\n\nNote that the error here is in the definition of the generic function. Although\nwe only call it with a parameter that does implement `Debug`, the compiler\nstill rejects the function. It must work with all possible input types. In\norder to make this example compile, we need to restrict the generic type we're\naccepting:\n\n```\nuse std::fmt;\n\n// Restrict the input type to types that implement Debug.\nfn some_func<T: fmt::Debug>(foo: T) {\n    println!(\"{:?}\", foo);\n}\n\nfn main() {\n    // Calling the method is still fine, as i32 implements Debug.\n    some_func(5i32);\n\n    // This would fail to compile now:\n    // struct WithoutDebug;\n    // some_func(WithoutDebug);\n}\n```\n\nRust only looks at the signature of the called function, as such it must\nalready specify all requirements that will be used for every type parameter.\n"},"level":"error","spans":[{"file_name":"/home/tarun/.cargo/registry/src/index.crates.io-1949cf8c6b5b557f/wasmedge-sys-0.17.5/src/instance/global.rs","byte_start":5928,"byte_end":5932,"line_start":157,"line_end":157,"column_start":66,"column_end":70,"is_primary":true,"text":[{"text":"        let ctx = unsafe { ffi::WasmEdge_GlobalTypeCreate(val_ty.into(), mutable.into()) };","highlight_start":66,"highlight_end":70}],"label":"unsatisfied trait bound","suggested_replacement":null,"suggestion_applicability":null,"expansion":null}],"children":[{"message":"the trait `From<ValType>` is not implemented for `WasmEdge_ValType`","code":null,"level":"help","spans":[{"file_name":"/media/tarun/Tarun/code/lfx/wasmedge-dependency-tree/target/debug/build/wasmedge-sys-dda912cd73149ca4/out/wasmedge.rs","byte_start":49711,"byte_end":49738,"line_start":1351,"line_end":1351,"column_start":1,"column_end":28,"is_primary":true,"text":[{"text":"pub struct WasmEdge_ValType {","highlight_start":1,"highlight_end":28}],"label":null,"suggested_replacement":null,"suggestion_applicability":null,"expansion":null}],"children":[],"rendered":null},{"message":"required for `ValType` to implement `Into<WasmEdge_ValType>`","code":null,"level":"note","spans":[],"children":[],"rendered":null}],"rendered":"\u001b[1m\u001b[91merror[E0277]\u001b[0m\u001b[1m: the trait bound `WasmEdge_ValType: From<ValType>` is not satisfied\u001b[0m\n    \u001b[1m\u001b[94m--> \u001b[0m/home/tarun/.cargo/registry/src/index.crates.io-1949cf8c6b5b557f/wasmedge-sys-0.17.5/src/instance/global.rs:157:66\n     \u001b[1m\u001b[94m|\u001b[0m\n \u001b[1m\u001b[94m157\u001b[0m \u001b[1m\u001b[94m|\u001b[0m         let ctx = unsafe { ffi::WasmEdge_GlobalTypeCreate(val_ty.into(), mutable.into()) };\n     \u001b[1m\u001b[94m|\u001b[0m                                                                  \u001b[1m\u001b[91m^^^^\u001b[0m \u001b[1m\u001b[91munsatisfied trait bound\u001b[0m\n     \u001b[1m\u001b[94m|\u001b[0m\n\u001b[1m\u001b[96mhelp\u001b[0m: the trait `From<ValType>` is not implemented for `WasmEdge_ValType`\n    \u001b[1m\u001b[94m--> \u001b[0m/media/tarun/Tarun/code/lfx/wasmedge-dependency-tree/target/debug/build/wasmedge-sys-dda912cd73149ca4/out/wasmedge.rs:1351:1\n     \u001b[1m\u001b[94m|\u001b[0m\n\u001b[1m\u001b[94m1351\u001b[0m \u001b[1m\u001b[94m|\u001b[0m pub struct WasmEdge_ValType {\n     \u001b[1m\u001b[94m|\u001b[0m \u001b[1m\u001b[96m^^^^^^^^^^^^^^^^^^^^^^^^^^^\u001b[0m\n     \u001b[1m\u001b[94m= \u001b[0m\u001b[1mnote\u001b[0m: required for `ValType` to implement `Into<WasmEdge_ValType>`\n\n"}
{"$message_type":"diagnostic","message":"the trait bound `ValType: From<WasmEdge_ValType>` is not satisfied","code":{"code":"E0277","explanation":"You tried to use a type which doesn't implement some trait in a place which\nexpected that trait.\n\nErroneous code example:\n\n```compile_fail,E0277\n// here we declare the Foo trait with a bar method\ntrait Foo {\n    fn bar(&self);\n}\n\n// we now declare a function which takes an object implementing the Foo trait\nfn some_func<T: Foo>(foo: T) {\n    foo.bar();\n}\n\nfn main() {\n    // we now call the method with the i32 type, which doesn't implement\n    // the Foo trait\n    some_func(5i32); // error: the trait bound `i32 : Foo` is not satisfied\n}\n```\n\nIn order to fix this error, verify that the type you're using does implement\nthe trait. Example:\n\n```\ntrait Foo {\n    fn bar(&self);\n}\n\n// we implement the trait on the i32 type\nimpl Foo for i32 {\n    fn bar(&self) {}\n}\n\nfn some_func<T: Foo>(foo: T) {\n    foo.bar(); // we can now use this method since i32 implements the\n               // Foo trait\n}\n\nfn main() {\n    some_func(5i32); // ok!\n}\n```\n\nOr in a generic context, an erroneous code example would look like:\n\n```compile_fail,E0277\nfn some_func<T>(foo: T) {\n    println!(\"{:?}\", foo); // error: the trait `core::fmt::Debug` is not\n                           //        implemented for the type `T`\n}\n\nfn main() {\n    // We now call the method with the i32 type,\n    // which *does* implement the Debug trait.\n    some_func(5i32);\n}\n```\n\nNote that the error here is in the definition of the generic function. Although\nwe only call it with a parameter that does implement `Debug`, the compiler\nstill rejects the function. It must work with all possible input types. In\norder to make this example compile, we need to restrict the generic type we're\naccepting:\n\n```\nuse std::fmt;\n\n// Restrict the input type to types that implement Debug.\nfn some_func<T: fmt::Debug>(foo: T) {\n    println!(\"{:?}\", foo);\n}\n\nfn main() {\n    // Calling the method is still fine, as i32 implements Debug.\n    some_func(5i32);\n\n    // This would fail to compile now:\n    // struct WithoutDebug;\n    // some_func(WithoutDebug);\n}\n```\n\nRust only looks at the signature of the called function, as such it must\nalready specify all requirements that will be used for every type parameter.\n"},"level":"error","spans":[{"file_name":"/home/tarun/.cargo/registry/src/index.crates.io-1949cf8c6b5b557f/wasmedge-sys-0.17.5/src/instance/global.rs","byte_start":6394,"byte_end":6398,"line_start":170,"line_end":170,"column_start":13,"column_end":17,"is_primary":true,"text":[{"text":"        val.into()","highlight_start":13,"highlight_end":17}],"label":"the trait `From<WasmEdge_ValType>` is not implemented for `ValType`","suggested_replacement":null,"suggestion_applicability":null,"expansion":null}],"children":[{"message":"the following other types implement trait `From<T>`:\n  `ValType` implements `From<i32>`\n  `ValType` implements `From<u32>`","code":null,"level":"help","spans":[],"children":[],"rendered":null},{"message":"required for `WasmEdge_ValType` to implement `Into<ValType>`","code":null,"level":"note","spans":[],"children":[],"rendered":null}],"rendered":"\u001b[1m\u001b[91merror[E0277]\u001b[0m\u001b[1m: the trait bound `ValType: From<WasmEdge_ValType>` is not satisfied\u001b[0m\n   \u001b[1m\u001b[94m--> \u001b[0m/home/tarun/.cargo/registry/src/index.crates.io-1949cf8c6b5b557f/wasmedge-sys-0.17.5/src/instance/global.rs:170:13\n    \u001b[1m\u001b[94m|\u001b[0m\n\u001b[1m\u001b[94m170\u001b[0m \u001b[1m\u001b[94m|\u001b[0m         val.into()\n    \u001b[1m\u001b[94m|\u001b[0m             \u001b[1m\u001b[91m^^^^\u001b[0m \u001b[1m\u001b[91mthe trait `From<WasmEdge_ValType>` is not implemented for `ValType`\u001b[0m\n    \u001b[1m\u001b[94m|\u001b[0m\n    \u001b[1m\u001b[94m= \u001b[0m\u001b[1mhelp\u001b[0m: the following other types implement trait `From<T>`:\n              `ValType` implements `From<i32>`\n              `ValType` implements `From<u32>`\n    \u001b[1m\u001b[94m= \u001b[0m\u001b[1mnote\u001b[0m: required for `WasmEdge_ValType` to implement `Into<ValType>`\n\n"}
{"$message_type":"diagnostic","message":"the trait bound `WasmEdge_ValType: From<RefType>` is not satisfied","code":{"code":"E0277","explanation":"You tried to use a type which doesn't implement some trait in a place which\nexpected that trait.\n\nErroneous code example:\n\n```compile_fail,E0277\n// here we declare the Foo trait with a bar method\ntrait Foo {\n    fn bar(&self);\n}\n\n// we now declare a function which takes an object implementing the Foo trait\nfn some_func<T: Foo>(foo: T) {\n    foo.bar();\n}\n\nfn main() {\n    // we now call the method with the i32 type, which doesn't implement\n    // the Foo trait\n    some_func(5i32); // error: the trait bound `i32 : Foo` is not satisfied\n}\n```\n\nIn order to fix this error, verify that the type you're using does implement\nthe trait. Example:\n\n```\ntrait Foo {\n    fn bar(&self);\n}\n\n// we implement the trait on the i32 type\nimpl Foo for i32 {\n    fn bar(&self) {}\n}\n\nfn some_func<T: Foo>(foo: T) {\n    foo.bar(); // we can now use this method since i32 implements the\n               // Foo trait\n}\n\nfn main() {\n    some_func(5i32); // ok!\n}\n```\n\nOr in a generic context, an erroneous code example would look like:\n\n```compile_fail,E0277\nfn some_func<T>(foo: T) {\n    println!(\"{:?}\", foo); // error: the trait `core::fmt::Debug` is not\n                           //        implemented for the type `T`\n}\n\nfn main() {\n    // We now call the method with the i32 type,\n    // which *does* implement the Debug trait.\n    some_func(5i32);\n}\n```\n\nNote that the error here is in the definition of the generic function. Although\nwe only call it with a parameter that does implement `Debug`, the compiler\nstill rejects the function. It must work with all possible input types. In\norder to make this example compile, we need to restrict the generic type we're\naccepting:\n\n```\nuse std::fmt;\n\n// Restrict the input type to types that implement Debug.\nfn some_func<T: fmt::Debug>(foo: T) {\n    println!(\"{:?}\", foo);\n}\n\nfn main() {\n    // Calling the method is still fine, as i32 implements Debug.\n    some_func(5i32);\n\n    // This would fail to compile now:\n    // struct WithoutDebug;\n    // some_func(WithoutDebug);\n}\n```\n\nRust only looks at the signature of the called function, as such it must\nalready specify all requirements that will be used for every type parameter.\n"},"level":"error","spans":[{"file_name":"/home/tarun/.cargo/registry/src/index.crates.io-1949cf8c6b5b557f/wasmedge-sys-0.17.5/src/instance/table.rs","byte_start":7415,"byte_end":7419,"line_start":227,"line_end":227,"column_start":25,"column_end":29,"is_primary":true,"text":[{"text":"                elem_ty.into(),","highlight_start":25,"highlight_end":29}],"label":"unsatisfied trait bound","suggested_replacement":null,"suggestion_applicability":null,"expansion":null}],"children":[{"message":"the trait `From<RefType>` is not implemented for `WasmEdge_ValType`","code":null,"level":"help","spans":[{"file_name":"/media/tarun/Tarun/code/lfx/wasmedge-dependency-tree/target/debug/build/wasmedge-sys-dda912cd73149ca4/out/wasmedge.rs","byte_start":49711,"byte_end":49738,"line_start":1351,"line_end":1351,"column_start":1,"column_end":28,"is_primary":true,"text":[{"text":"pub struct WasmEdge_ValType {","highlight_start":1,"highlight_end":28}],"label":null,"suggested_replacement":null,"suggestion_applicability":null,"expansion":null}],"children":[],"rendered":null},{"message":"required for `RefType` to implement `Into<WasmEdge_ValType>`","code":null,"level":"note","spans":[],"children":[],"rendered":null}],"rendered":"\u001b[1m\u001b[91merror[E0277]\u001b[0m\u001b[1m: the trait bound `WasmEdge_ValType: From<RefType>` is not satisfied\u001b[0m\n    \u001b[1m\u001b[94m--> \u001b[0m/home/tarun/.cargo/registry/src/index.crates.io-1949cf8c6b5b557f/wasmedge-sys-0.17.5/src/instance/table.rs:227:25\n     \u001b[1m\u001b[94m|\u001b[0m\n \u001b[1m\u001b[94m227\u001b[0m \u001b[1m\u001b[94m|\u001b[0m                 elem_ty.into(),\n     \u001b[1m\u001b[94m|\u001b[0m                         \u001b[1m\u001b[91m^^^^\u001b[0m \u001b[1m\u001b[91munsatisfied trait bound\u001b[0m\n     \u001b[1m\u001b[94m|\u001b[0m\n\u001b[1m\u001b[96mhelp\u001b[0m: the trait `From<RefType>` is not implemented for `WasmEdge_ValType`\n    \u001b[1m\u001b[94m--> \u001b[0m/media/tarun/Tarun/code/lfx/wasmedge-dependency-tree/target/debug/build/wasmedge-sys-dda912cd73149ca4/out/wasmedge.rs:1351:1\n     \u001b[1m\u001b[94m|\u001b[0m\n\u001b[1m\u001b[94m1351\u001b[0m \u001b[1m\u001b[94m|\u001b[0m pub struct WasmEdge_ValType {\n     \u001b[1m\u001b[94m|\u001b[0m \u001b[1m\u001b[96m^^^^^^^^^^^^^^^^^^^^^^^^^^^\u001b[0m\n     \u001b[1m\u001b[94m= \u001b[0m\u001b[1mnote\u001b[0m: required for `RefType` to implement `Into<WasmEdge_ValType>`\n\n"}
{"$message_type":"diagnostic","message":"the trait bound `RefType: From<WasmEdge_ValType>` is not satisfied","code":{"code":"E0277","explanation":"You tried to use a type which doesn't implement some trait in a place which\nexpected that trait.\n\nErroneous code example:\n\n```compile_fail,E0277\n// here we declare the Foo trait with a bar method\ntrait Foo {\n    fn bar(&self);\n}\n\n// we now declare a function which takes an object implementing the Foo trait\nfn some_func<T: Foo>(foo: T) {\n    foo.bar();\n}\n\nfn main() {\n    // we now call the method with the i32 type, which doesn't implement\n    // the Foo trait\n    some_func(5i32); // error: the trait bound `i32 : Foo` is not satisfied\n}\n```\n\nIn order to fix this error, verify that the type you're using does implement\nthe trait. Example:\n\n```\ntrait Foo {\n    fn bar(&self);\n}\n\n// we implement the trait on the i32 type\nimpl Foo for i32 {\n    fn bar(&self) {}\n}\n\nfn some_func<T: Foo>(foo: T) {\n    foo.bar(); // we can now use this method since i32 implements the\n               // Foo trait\n}\n\nfn main() {\n    some_func(5i32); // ok!\n}\n```\n\nOr in a generic context, an erroneous code example would look like:\n\n```compile_fail,E0277\nfn some_func<T>(foo: T) {\n    println!(\"{:?}\", foo); // error: the trait `core::fmt::Debug` is not\n                           //        implemented for the type `T`\n}\n\nfn main() {\n    // We now call the method with the i32 type,\n    // which *does* implement the Debug trait.\n    some_func(5i32);\n}\n```\n\nNote that the error here is in the definition of the generic function. Although\nwe only call it with a parameter that does implement `Debug`, the compiler\nstill rejects the function. It must work with all possible input types. In\norder to make this example compile, we need to restrict the generic type we're\naccepting:\n\n```\nuse std::fmt;\n\n// Restrict the input type to types that implement Debug.\nfn some_func<T: fmt::Debug>(foo: T) {\n    println!(\"{:?}\", foo);\n}\n\nfn main() {\n    // Calling the method is still fine, as i32 implements Debug.\n    some_func(5i32);\n\n    // This would fail to compile now:\n    // struct WithoutDebug;\n    // some_func(WithoutDebug);\n}\n```\n\nRust only looks at the signature of the called function, as such it must\nalready specify all requirements that will be used for every type parameter.\n"},"level":"error","spans":[{"file_name":"/home/tarun/.cargo/registry/src/index.crates.io-1949cf8c6b5b557f/wasmedge-sys-0.17.5/src/instance/table.rs","byte_start":7909,"byte_end":7913,"line_start":243,"line_end":243,"column_start":12,"column_end":16,"is_primary":true,"text":[{"text":"        ty.into()","highlight_start":12,"highlight_end":16}],"label":"the trait `From<WasmEdge_ValType>` is not implemented for `RefType`","suggested_replacement":null,"suggestion_applicability":null,"expansion":null}],"children":[{"message":"the following other types implement trait `From<T>`:\n  `RefType` implements `From<i32>`\n  `RefType` implements `From<u32>`","code":null,"level":"help","spans":[],"children":[],"rendered":null},{"message":"required for `WasmEdge_ValType` to implement `Into<RefType>`","code":null,"level":"note","spans":[],"children":[],"rendered":null}],"rendered":"\u001b[1m\u001b[91merror[E0277]\u001b[0m\u001b[1m: the trait bound `RefType: From<WasmEdge_ValType>` is not satisfied\u001b[0m\n   \u001b[1m\u001b[94m--> \u001b[0m/home/tarun/.cargo/registry/src/index.crates.io-1949cf8c6b5b557f/wasmedge-sys-0.17.5/src/instance/table.rs:243:12\n    \u001b[1m\u001b[94m|\u001b[0m\n\u001b[1m\u001b[94m243\u001b[0m \u001b[1m\u001b[94m|\u001b[0m         ty.into()\n    \u001b[1m\u001b[94m|\u001b[0m            \u001b[1m\u001b[91m^^^^\u001b[0m \u001b[1m\u001b[91mthe trait `From<WasmEdge_ValType>` is not implemented for `RefType`\u001b[0m\n    \u001b[1m\u001b[94m|\u001b[0m\n    \u001b[1m\u001b[94m= \u001b[0m\u001b[1mhelp\u001b[0m: the following other types implement trait `From<T>`:\n              `RefType` implements `From<i32>`\n              `RefType` implements `From<u32>`\n    \u001b[1m\u001b[94m= \u001b[0m\u001b[1mnote\u001b[0m: required for `WasmEdge_ValType` to implement `Into<RefType>`\n\n"}
{"$message_type":"diagnostic","message":"`WasmEdge_ValType` doesn't implement `std::fmt::Display`","code":{"code":"E0277","explanation":"You tried to use a type which doesn't implement some trait in a place which\nexpected that trait.\n\nErroneous code example:\n\n```compile_fail,E0277\n// here we declare the Foo trait with a bar method\ntrait Foo {\n    fn bar(&self);\n}\n\n// we now declare a function which takes an object implementing the Foo trait\nfn some_func<T: Foo>(foo: T) {\n    foo.bar();\n}\n\nfn main() {\n    // we now call the method with the i32 type, which doesn't implement\n    // the Foo trait\n    some_func(5i32); // error: the trait bound `i32 : Foo` is not satisfied\n}\n```\n\nIn order to fix this error, verify that the type you're using does implement\nthe trait. Example:\n\n```\ntrait Foo {\n    fn bar(&self);\n}\n\n// we implement the trait on the i32 type\nimpl Foo for i32 {\n    fn bar(&self) {}\n}\n\nfn some_func<T: Foo>(foo: T) {\n    foo.bar(); // we can now use this method since i32 implements the\n               // Foo trait\n}\n\nfn main() {\n    some_func(5i32); // ok!\n}\n```\n\nOr in a generic context, an erroneous code example would look like:\n\n```compile_fail,E0277\nfn some_func<T>(foo: T) {\n    println!(\"{:?}\", foo); // error: the trait `core::fmt::Debug` is not\n                           //        implemented for the type `T`\n}\n\nfn main() {\n    // We now call the method with the i32 type,\n    // which *does* implement the Debug trait.\n    some_func(5i32);\n}\n```\n\nNote that the error here is in the definition of the generic function. Although\nwe only call it with a parameter that does implement `Debug`, the compiler\nstill rejects the function. It must work with all possible input types. In\norder to make this example compile, we need to restrict the generic type we're\naccepting:\n\n```\nuse std::fmt;\n\n// Restrict the input type to types that implement Debug.\nfn some_func<T: fmt::Debug>(foo: T) {\n    println!(\"{:?}\", foo);\n}\n\nfn main() {\n    // Calling the method is still fine, as i32 implements Debug.\n    some_func(5i32);\n\n    // This would fail to compile now:\n    // struct WithoutDebug;\n    // some_func(WithoutDebug);\n}\n```\n\nRust only looks at the signature of the called function, as such it must\nalready specify all requirements that will be used for every type parameter.\n"},"level":"error","spans":[{"file_name":"/home/tarun/.cargo/registry/src/index.crates.io-1949cf8c6b5b557f/wasmedge-sys-0.17.5/src/types.rs","byte_start":9763,"byte_end":9775,"line_start":334,"line_end":334,"column_start":58,"column_end":70,"is_primary":true,"text":[{"text":"            _ => panic!(\"unknown WasmEdge_ValType `{}`\", raw_val.Type),","highlight_start":58,"highlight_end":70}],"label":"`WasmEdge_ValType` cannot be formatted with the default formatter","suggested_replacement":null,"suggestion_applicability":null,"expansion":{"span":{"file_name":"/home/tarun/.rustup/toolchains/stable-x86_64-unknown-linux-gnu/lib/rustlib/src/rust/library/core/src/panic.rs","byte_start":2344,"byte_end":2378,"line_start":62,"line_end":62,"column_start":38,"column_end":72,"is_primary":false,"text":[{"text":"        $crate::panicking::panic_fmt($crate::const_format_args!($($t)+));","highlight_start":38,"highlight_end":72}],"label":null,"suggested_replacement":null,"suggestion_applicability":null,"expansion":{"span":{"file_name":"/home/tarun/.rustup/toolchains/stable-x86_64-unknown-linux-gnu/lib/rustlib/src/rust/library/core/src/panic.rs","byte_start":2344,"byte_end":2378,"line_start":62,"line_end":62,"column_start":38,"column_end":72,"is_primary":false,"text":[{"text":"        $crate::panicking::panic_fmt($crate::const_format_args!($($t)+));","highlight_start":38,"highlight_end":72}],"label":null,"suggested_replacement":null,"suggestion_applicability":null,"expansion":{"span":{"file_name":"/home/tarun/.cargo/registry/src/index.crates.io-1949cf8c6b5b557f/wasmedge-sys-0.17.5/src/types.rs","byte_start":9723,"byte_end":9776,"line_start":334,"line_end":334,"column_start":18,"column_end":71,"is_primary":false,"text":[{"text":"            _ => panic!(\"unknown WasmEdge_ValType `{}`\", raw_val.Type),","highlight_start":18,"highlight_end":71}],"label":null,"suggested_replacement":null,"suggestion_applicability":null,"expansion":{"span":{"file_name":"/home/tarun/.cargo/registry/src/index.crates.io-1949cf8c6b5b557f/wasmedge-sys-0.17.5/src/types.rs","byte_start":9723,"byte_end":9776,"line_start":334,"line_end":334,"column_start":18,"column_end":71,"is_primary":false,"text":[{"text":"            _ => panic!(\"unknown WasmEdge_ValType `{}`\", raw_val.Type),","highlight_start":18,"highlight_end":71}],"label":null,"suggested_replacement":null,"suggestion_applicability":null,"expansion":null},"macro_decl_name":"panic!","def_site_span":{"file_name":"/home/tarun/.rustup/toolchains/stable-x86_64-unknown-linux-gnu/lib/rustlib/src/rust/library/std/src/macros.rs","byte_start":482,"byte_end":500,"line_start":14,"line_end":14,"column_start":1,"column_end":19,"is_primary":false,"text":[{"text":"macro_rules! panic {","highlight_start":1,"highlight_end":19}],"label":null,"suggested_replacement":null,"suggestion_applicability":null,"expansion":null}}},"macro_decl_name":"$crate::panic::panic_2021!","def_site_span":{"file_name":"/home/tarun/.rustup/toolchains/stable-x86_64-unknown-linux-gnu/lib/rustlib/src/rust/library/core/src/panic.rs","byte_start":1884,"byte_end":1904,"line_start":51,"line_end":51,"column_start":1,"column_end":21,"is_primary":false,"text":[{"text":"pub macro panic_2021 {","highlight_start":1,"highlight_end":21}],"label":null,"suggested_replacement":null,"suggestion_applicability":null,"expansion":null}}},"macro_decl_name":"$crate::const_format_args!","def_site_span":{"file_name":"/home/tarun/.rustup/toolchains/stable-x86_64-unknown-linux-gnu/lib/rustlib/src/rust/library/core/src/macros/mod.rs","byte_start":35519,"byte_end":35549,"line_start":1011,"line_end":1011,"column_start":5,"column_end":35,"is_primary":false,"text":[{"text":"    macro_rules! const_format_args {","highlight_start":5,"highlight_end":35}],"label":null,"suggested_replacement":null,"suggestion_applicability":null,"expansion":null}}},"macro_decl_name":"desugaring of format string literal","def_site_span":{"file_name":"/home/tarun/.cargo/registry/src/index.crates.io-1949cf8c6b5b557f/wasmedge-sys-0.17.5/src/lib.rs","byte_start":0,"byte_end":0,"line_start":1,"line_end":1,"column_start":1,"column_end":1,"is_primary":false,"text":[],"label":null,"suggested_replacement":null,"suggestion_applicability":null,"expansion":null}}},{"file_name":"/home/tarun/.cargo/registry/src/index.crates.io-1949cf8c6b5b557f/wasmedge-sys-0.17.5/src/types.rs","byte_start":9757,"byte_end":9759,"line_start":334,"line_end":334,"column_start":52,"column_end":54,"is_primary":false,"text":[{"text":"            _ => panic!(\"unknown WasmEdge_ValType `{}`\", raw_val.Type),","highlight_start":52,"highlight_end":54}],"label":"required by this formatting parameter","suggested_replacement":null,"suggestion_applicability":null,"expansion":{"span":{"file_name":"/home/tarun/.rustup/toolchains/stable-x86_64-unknown-linux-gnu/lib/rustlib/src/rust/library/core/src/panic.rs","byte_start":2344,"byte_end":2378,"line_start":62,"line_end":62,"column_start":38,"column_end":72,"is_primary":false,"text":[{"text":"        $crate::panicking::panic_fmt($crate::const_format_args!($($t)+));","highlight_start":38,"highlight_end":72}],"label":null,"suggested_replacement":null,"suggestion_applicability":null,"expansion":{"span":{"file_name":"/home/tarun/.rustup/toolchains/stable-x86_64-unknown-linux-gnu/lib/rustlib/src/rust/library/core/src/panic.rs","byte_start":2344,"byte_end":2378,"line_start":62,"line_end":62,"column_start":38,"column_end":72,"is_primary":false,"text":[{"text":"        $crate::panicking::panic_fmt($crate::const_format_args!($($t)+));","highlight_start":38,"highlight_end":72}],"label":null,"suggested_replacement":null,"suggestion_applicability":null,"expansion":{"span":{"file_name":"/home/tarun/.cargo/registry/src/index.crates.io-1949cf8c6b5b557f/wasmedge-sys-0.17.5/src/types.rs","byte_start":9723,"byte_end":9776,"line_start":334,"line_end":334,"column_start":18,"column_end":71,"is_primary":false,"text":[{"text":"            _ => panic!(\"unknown WasmEdge_ValType `{}`\", raw_val.Type),","highlight_start":18,"highlight_end":71}],"label":null,"suggested_replacement":null,"suggestion_applicability":null,"expansion":{"span":{"file_name":"/home/tarun/.cargo/registry/src/index.crates.io-1949cf8c6b5b557f/wasmedge-sys-0.17.5/src/types.rs","byte_start":9723,"byte_end":9776,"line_start":334,"line_end":334,"column_start":18,"column_end":71,"is_primary":false,"text":[{"text":"            _ => panic!(\"unknown WasmEdge_ValType `{}`\", raw_val.Type),","highlight_start":18,"highlight_end":71}],"label":null,"suggested_replacement":null,"suggestion_applicability":null,"expansion":null},"macro_decl_name":"panic!","def_site_span":{"file_name":"/home/tarun/.rustup/toolchains/stable-x86_64-unknown-linux-gnu/lib/rustlib/src/rust/library/std/src/macros.rs","byte_start":482,"byte_end":500,"line_start":14,"line_end":14,"column_start":1,"column_end":19,"is_primary":false,"text":[{"text":"macro_rules! panic {","highlight_start":1,"highlight_end":19}],"label":null,"suggested_replacement":null,"suggestion_applicability":null,"expansion":null}}},"macro_decl_name":"$crate::panic::panic_2021!","def_site_span":{"file_name":"/home/tarun/.rustup/toolchains/stable-x86_64-unknown-linux-gnu/lib/rustlib/src/rust/library/core/src/panic.rs","byte_start":1884,"byte_end":1904,"line_start":51,"line_end":51,"column_start":1,"column_end":21,"is_primary":false,"text":[{"text":"pub macro panic_2021 {","highlight_start":1,"highlight_end":21}],"label":null,"suggested_replacement":null,"suggestion_applicability":null,"expansion":null}}},"macro_decl_name":"$crate::const_format_args!","def_site_span":{"file_name":"/home/tarun/.rustup/toolchains/stable-x86_64-unknown-linux-gnu/lib/rustlib/src/rust/library/core/src/macros/mod.rs","byte_start":35519,"byte_end":35549,"line_start":1011,"line_end":1011,"column_start":5,"column_end":35,"is_primary":false,"text":[{"text":"    macro_rules! const_format_args {","highlight_start":5,"highlight_end":35}],"label":null,"suggested_replacement":null,"suggestion_applicability":null,"expansion":null}}},"macro_decl_name":"desugaring of format string literal","def_site_span":{"file_name":"/home/tarun/.cargo/registry/src/index.crates.io-1949cf8c6b5b557f/wasmedge-sys-0.17.5/src/lib.rs","byte_start":0,"byte_end":0,"line_start":1,"line_end":1,"column_start":1,"column_end":1,"is_primary":false,"text":[],"label":null,"suggested_replacement":null,"suggestion_applicability":null,"expansion":null}}}],"children":[{"message":"the trait `std::fmt::Display` is not implemented for `WasmEdge_ValType`","code":null,"level":"help","spans":[{"file_name":"/media/tarun/Tarun/code/lfx/wasmedge-dependency-tree/target/debug/build/wasmedge-sys-dda912cd73149ca4/out/wasmedge.rs","byte_start":49711,"byte_end":49738,"line_start":1351,"line_end":1351,"column_start":1,"column_end":28,"is_primary":true,"text":[{"text":"pub struct WasmEdge_ValType {","highlight_start":1,"highlight_end":28}],"label":null,"suggested_replacement":null,"suggestion_applicability":null,"expansion":null}],"children":[],"rendered":null},{"message":"in format strings you may be able to use `{:?}` (or {:#?} for pretty-print) instead","code":null,"level":"note","spans":[],"children":[],"rendered":null}],"rendered":"\u001b[1m\u001b[91merror[E0277]\u001b[0m\u001b[1m: `WasmEdge_ValType` doesn't implement `std::fmt::Display`\u001b[0m\n    \u001b[1m\u001b[94m--> \u001b[0m/home/tarun/.cargo/registry/src/index.crates.io-1949cf8c6b5b557f/wasmedge-sys-0.17.5/src/types.rs:334:58\n     \u001b[1m\u001b[94m|\u001b[0m\n \u001b[1m\u001b[94m334\u001b[0m \u001b[1m\u001b[94m|\u001b[0m             _ => panic!(\"unknown WasmEdge_ValType `{}`\", raw_val.Type),\n     \u001b[1m\u001b[94m|\u001b[0m                                                    \u001b[1m\u001b[94m--\u001b[0m    \u001b[1m\u001b[91m^^^^^^^^^^^^\u001b[0m \u001b[1m\u001b[91m`WasmEdge_ValType` cannot be formatted with the default formatter\u001b[0m\n     \u001b[1m\u001b[94m|\u001b[0m                                                    \u001b[1m\u001b[94m|\u001b[0m\n     \u001b[1m\u001b[94m|\u001b[0m                                                    \u001b[1m\u001b[94mrequired by this formatting parameter\u001b[0m\n     \u001b[1m\u001b[94m|\u001b[0m\n\u001b[1m\u001b[96mhelp\u001b[0m: the trait `std::fmt::Display` is not implemented for `WasmEdge_ValType`\n    \u001b[1m\u001b[94m--> \u001b[0m/media/tarun/Tarun/code/lfx/wasmedge-dependency-tree/target/debug/build/wasmedge-sys-dda912cd73149ca4/out/wasmedge.rs:1351:1\n     \u001b[1m\u001b[94m|\u001b[0m\n\u001b[1m\u001b[94m1351\u001b[0m \u001b[1m\u001b[94m|\u001b[0m pub struct WasmEdge_ValType {\n     \u001b[1m\u001b[94m|\u001b[0m \u001b[1m\u001b[96m^^^^^^^^^^^^^^^^^^^^^^^^^^^\u001b[0m\n     \u001b[1m\u001b[94m= \u001b[0m\u001b[1mnote\u001b[0m: in format strings you may be able to use `{:?}` (or {:#?} for pretty-print) instead\n\n"}
{"$message_type":"diagnostic","message":"aborting due to 38 previous errors","code":null,"level":"error","spans":[],"children":[],"rendered":"\u001b[1m\u001b[91merror\u001b[0m\u001b[1m: aborting due to 38 previous errors\u001b[0m\n\n"}
{"$message_type":"diagnostic","message":"Some errors have detailed explanations: E0277, E0308, E0425, E0531.","code":null,"level":"failure-note","spans":[],"children":[],"rendered":"\u001b[1mSome errors have detailed explanations: E0277, E0308, E0425, E0531.\u001b[0m\n"}
{"$message_type":"diagnostic","message":"For more information about an error, try `rustc --explain E0277`.","code":null,"level":"failure-note","spans":[],"children":[],"rendered":"\u001b[1mFor more information about an error, try `rustc --explain E0277`.\u001b[0m\n"}
